DEBUG main org.apache.ibatis.transaction.jdbc.JdbcTransaction - Setting autocommit to false on JDBC Connection [com.mysql.cj.jdbc.ConnectionImpl@3e6f3f28]
DEBUG main Mappers.ProductParameterMapper.deleteByPrimaryKey - ==>  Preparing: delete from product_parameter where produce_date = ? and furnace_num = ?
DEBUG main Mappers.ProductParameterMapper.deleteByPrimaryKey - ==> Parameters: 2020-03-05(Date), 02613579(String)
DEBUG main Mappers.ProductParameterMapper.deleteByPrimaryKey - <==    Updates: 1
DEBUG main org.apache.ibatis.transaction.jdbc.JdbcTransaction - Committing JDBC Connection [com.mysql.cj.jdbc.ConnectionImpl@3e6f3f28]
DEBUG main org.apache.ibatis.transaction.jdbc.JdbcTransaction - Resetting autocommit to true on JDBC Connection [com.mysql.cj.jdbc.ConnectionImpl@3e6f3f28]
DEBUG main org.apache.ibatis.transaction.jdbc.JdbcTransaction - Closing JDBC Connection [com.mysql.cj.jdbc.ConnectionImpl@3e6f3f28]
DEBUG main org.apache.ibatis.datasource.pooled.PooledDataSource - Returned connection 1047478056 to pool.
DEBUG main org.apache.ibatis.logging.LogFactory - Logging initialized using 'class org.apache.ibatis.logging.slf4j.Slf4jImpl' adapter.
DEBUG main org.apache.ibatis.datasource.pooled.PooledDataSource - PooledDataSource forcefully closed/removed all connections.
DEBUG main org.apache.ibatis.datasource.pooled.PooledDataSource - PooledDataSource forcefully closed/removed all connections.
DEBUG main org.apache.ibatis.datasource.pooled.PooledDataSource - PooledDataSource forcefully closed/removed all connections.
DEBUG main org.apache.ibatis.datasource.pooled.PooledDataSource - PooledDataSource forcefully closed/removed all connections.
DEBUG main org.apache.ibatis.transaction.jdbc.JdbcTransaction - Opening JDBC Connection
DEBUG main org.apache.ibatis.datasource.pooled.PooledDataSource - Created connection 1047478056.
DEBUG main org.apache.ibatis.transaction.jdbc.JdbcTransaction - Setting autocommit to false on JDBC Connection [com.mysql.cj.jdbc.ConnectionImpl@3e6f3f28]
DEBUG main Mappers.ProductParameterMapper.deleteByPrimaryKey - ==>  Preparing: delete from product_parameter where produce_date = ? and furnace_num = ?
DEBUG main Mappers.ProductParameterMapper.deleteByPrimaryKey - ==> Parameters: 2020-03-05(Date), 02613579(String)
DEBUG main Mappers.ProductParameterMapper.deleteByPrimaryKey - <==    Updates: 0
DEBUG main org.apache.ibatis.transaction.jdbc.JdbcTransaction - Committing JDBC Connection [com.mysql.cj.jdbc.ConnectionImpl@3e6f3f28]
DEBUG main org.apache.ibatis.transaction.jdbc.JdbcTransaction - Resetting autocommit to true on JDBC Connection [com.mysql.cj.jdbc.ConnectionImpl@3e6f3f28]
DEBUG main org.apache.ibatis.transaction.jdbc.JdbcTransaction - Closing JDBC Connection [com.mysql.cj.jdbc.ConnectionImpl@3e6f3f28]
DEBUG main org.apache.ibatis.datasource.pooled.PooledDataSource - Returned connection 1047478056 to pool.
DEBUG main org.apache.ibatis.logging.LogFactory - Logging initialized using 'class org.apache.ibatis.logging.slf4j.Slf4jImpl' adapter.
DEBUG main org.apache.ibatis.datasource.pooled.PooledDataSource - PooledDataSource forcefully closed/removed all connections.
DEBUG main org.apache.ibatis.datasource.pooled.PooledDataSource - PooledDataSource forcefully closed/removed all connections.
DEBUG main org.apache.ibatis.datasource.pooled.PooledDataSource - PooledDataSource forcefully closed/removed all connections.
DEBUG main org.apache.ibatis.datasource.pooled.PooledDataSource - PooledDataSource forcefully closed/removed all connections.
DEBUG main org.apache.ibatis.transaction.jdbc.JdbcTransaction - Opening JDBC Connection
DEBUG main org.apache.ibatis.datasource.pooled.PooledDataSource - Created connection 1789268516.
DEBUG main org.apache.ibatis.transaction.jdbc.JdbcTransaction - Setting autocommit to false on JDBC Connection [com.mysql.cj.jdbc.ConnectionImpl@6aa61224]
DEBUG main Mappers.ProductAccessoryMapper.insert - ==>  Preparing: insert into product_accessory (produce_date, furnace_num, accessory_name, addtime, class_no, addweight ) values (?, ?, ?, ?, ?, ? )
DEBUG main Mappers.ProductAccessoryMapper.insert - ==> Parameters: 2020-03-05(Date), 02613579(String), 二氧化硫(String), 5(Integer), 乙(String), 5000(Integer)
DEBUG main org.apache.ibatis.logging.LogFactory - Logging initialized using 'class org.apache.ibatis.logging.slf4j.Slf4jImpl' adapter.
DEBUG main org.apache.ibatis.datasource.pooled.PooledDataSource - PooledDataSource forcefully closed/removed all connections.
DEBUG main org.apache.ibatis.datasource.pooled.PooledDataSource - PooledDataSource forcefully closed/removed all connections.
DEBUG main org.apache.ibatis.datasource.pooled.PooledDataSource - PooledDataSource forcefully closed/removed all connections.
DEBUG main org.apache.ibatis.datasource.pooled.PooledDataSource - PooledDataSource forcefully closed/removed all connections.
DEBUG main org.apache.ibatis.transaction.jdbc.JdbcTransaction - Opening JDBC Connection
DEBUG main org.apache.ibatis.datasource.pooled.PooledDataSource - Created connection 1047478056.
DEBUG main org.apache.ibatis.transaction.jdbc.JdbcTransaction - Setting autocommit to false on JDBC Connection [com.mysql.cj.jdbc.ConnectionImpl@3e6f3f28]
DEBUG main Mappers.ProductParameterMapper.insert - ==>  Preparing: insert into product_parameter (produce_date, furnace_num, class_no, furnace_no, furnace_age, steel_name, oxygun1, oxygun2, oxymode, iron_c, iron_si, iron_mn, iron_p, iron_s, iron_temperature, outlet_age, iron_weight, resteel_weight1, resteel_weight2, steel_weight, pro_oxytime1, pro_oxyval, turn_num, turn_temperature1, pro_oxytime2, turn_temperature2, pro_nval, slag_time, slag_weight, turn_c, turn_s, turn_p, turn_mn, steel_dir, steel_fe, steel_remark ) values (?, ?, ?, ?, ?, ?, ?, ?, ?, ?, ?, ?, ?, ?, ?, ?, ?, ?, ?, ?, ?, ?, ?, ?, ?, ?, ?, ?, ?, ?, ?, ?, ?, ?, ?, ? )
DEBUG main Mappers.ProductParameterMapper.insert - ==> Parameters: 2020-03-05(Date), 02613579(String), 丙(String), 2(String), 11074(String), Q235B-Z(String), 116(Integer), 121(Integer), 20(Integer), 4.92999999999999971578290569595992565155029296875(BigDecimal), 0.4699999999999999733546474089962430298328399658203125(BigDecimal), 0.330000000000000015543122344752191565930843353271484375(BigDecimal), 0.13600000000000000976996261670137755572795867919921875(BigDecimal), 0.0259999999999999988065102485279567190445959568023681640625(BigDecimal), 1330(String), 251(Integer), 110.0499999999999971578290569595992565155029296875(BigDecimal), 19.949999999999999289457264239899814128875732421875(BigDecimal), 20.019999999999999573674358543939888477325439453125(BigDecimal), 127.56000000000000227373675443232059478759765625(BigDecimal), 0.5403000000000000024868995751603506505489349365234375(BigDecimal), 5663(Integer), 1(Integer), 1672(Integer), 0.1499999999999999944488848768742172978818416595458984375(BigDecimal), null, 1591(Integer), 0.1529999999999999971134201359745929948985576629638671875(BigDecimal), 20(Integer), 0.0899999999999999966693309261245303787291049957275390625(BigDecimal), 0.0899999999999999966693309261245303787291049957275390625(BigDecimal), 0.0899999999999999966693309261245303787291049957275390625(BigDecimal), 0.0899999999999999966693309261245303787291049957275390625(BigDecimal), 1(Integer), 5(Integer), good(String)
DEBUG main Mappers.ProductParameterMapper.insert - <==    Updates: 1
DEBUG main org.apache.ibatis.transaction.jdbc.JdbcTransaction - Committing JDBC Connection [com.mysql.cj.jdbc.ConnectionImpl@3e6f3f28]
DEBUG main org.apache.ibatis.transaction.jdbc.JdbcTransaction - Resetting autocommit to true on JDBC Connection [com.mysql.cj.jdbc.ConnectionImpl@3e6f3f28]
DEBUG main org.apache.ibatis.transaction.jdbc.JdbcTransaction - Closing JDBC Connection [com.mysql.cj.jdbc.ConnectionImpl@3e6f3f28]
DEBUG main org.apache.ibatis.datasource.pooled.PooledDataSource - Returned connection 1047478056 to pool.
DEBUG main org.apache.ibatis.logging.LogFactory - Logging initialized using 'class org.apache.ibatis.logging.slf4j.Slf4jImpl' adapter.
DEBUG main org.apache.ibatis.datasource.pooled.PooledDataSource - PooledDataSource forcefully closed/removed all connections.
DEBUG main org.apache.ibatis.datasource.pooled.PooledDataSource - PooledDataSource forcefully closed/removed all connections.
DEBUG main org.apache.ibatis.datasource.pooled.PooledDataSource - PooledDataSource forcefully closed/removed all connections.
DEBUG main org.apache.ibatis.datasource.pooled.PooledDataSource - PooledDataSource forcefully closed/removed all connections.
DEBUG main org.apache.ibatis.transaction.jdbc.JdbcTransaction - Opening JDBC Connection
DEBUG main org.apache.ibatis.datasource.pooled.PooledDataSource - Created connection 1789268516.
DEBUG main org.apache.ibatis.transaction.jdbc.JdbcTransaction - Setting autocommit to false on JDBC Connection [com.mysql.cj.jdbc.ConnectionImpl@6aa61224]
DEBUG main Mappers.ProductAccessoryMapper.insert - ==>  Preparing: insert into product_accessory (produce_date, furnace_num, accessory_name, addtime, class_no, addweight ) values (?, ?, ?, ?, ?, ? )
DEBUG main Mappers.ProductAccessoryMapper.insert - ==> Parameters: 2020-03-05(Date), 02613579(String), 二氧化硫(String), 5(Integer), 乙(String), 5000(Integer)
DEBUG main Mappers.ProductAccessoryMapper.insert - <==    Updates: 1
DEBUG main org.apache.ibatis.transaction.jdbc.JdbcTransaction - Committing JDBC Connection [com.mysql.cj.jdbc.ConnectionImpl@6aa61224]
DEBUG main org.apache.ibatis.transaction.jdbc.JdbcTransaction - Resetting autocommit to true on JDBC Connection [com.mysql.cj.jdbc.ConnectionImpl@6aa61224]
DEBUG main org.apache.ibatis.transaction.jdbc.JdbcTransaction - Closing JDBC Connection [com.mysql.cj.jdbc.ConnectionImpl@6aa61224]
DEBUG main org.apache.ibatis.datasource.pooled.PooledDataSource - Returned connection 1789268516 to pool.
DEBUG main org.apache.ibatis.logging.LogFactory - Logging initialized using 'class org.apache.ibatis.logging.slf4j.Slf4jImpl' adapter.
DEBUG main org.apache.ibatis.datasource.pooled.PooledDataSource - PooledDataSource forcefully closed/removed all connections.
DEBUG main org.apache.ibatis.datasource.pooled.PooledDataSource - PooledDataSource forcefully closed/removed all connections.
DEBUG main org.apache.ibatis.datasource.pooled.PooledDataSource - PooledDataSource forcefully closed/removed all connections.
DEBUG main org.apache.ibatis.datasource.pooled.PooledDataSource - PooledDataSource forcefully closed/removed all connections.
DEBUG main org.apache.ibatis.transaction.jdbc.JdbcTransaction - Opening JDBC Connection
DEBUG main org.apache.ibatis.datasource.pooled.PooledDataSource - Created connection 1789268516.
DEBUG main org.apache.ibatis.transaction.jdbc.JdbcTransaction - Setting autocommit to false on JDBC Connection [com.mysql.cj.jdbc.ConnectionImpl@6aa61224]
DEBUG main Mappers.ProductAccessoryMapper.insert - ==>  Preparing: insert into product_accessory (produce_date, furnace_num, accessory_name, addtime, class_no, addweight ) values (?, ?, ?, ?, ?, ? )
DEBUG main Mappers.ProductAccessoryMapper.insert - ==> Parameters: 2020-03-05(Date), 02613579(String), 二氧化硫(String), 5(Integer), 乙(String), 5000(Integer)
DEBUG main org.apache.ibatis.logging.LogFactory - Logging initialized using 'class org.apache.ibatis.logging.slf4j.Slf4jImpl' adapter.
DEBUG main org.apache.ibatis.datasource.pooled.PooledDataSource - PooledDataSource forcefully closed/removed all connections.
DEBUG main org.apache.ibatis.datasource.pooled.PooledDataSource - PooledDataSource forcefully closed/removed all connections.
DEBUG main org.apache.ibatis.datasource.pooled.PooledDataSource - PooledDataSource forcefully closed/removed all connections.
DEBUG main org.apache.ibatis.datasource.pooled.PooledDataSource - PooledDataSource forcefully closed/removed all connections.
DEBUG main org.apache.ibatis.transaction.jdbc.JdbcTransaction - Opening JDBC Connection
DEBUG main org.apache.ibatis.datasource.pooled.PooledDataSource - Created connection 1006751649.
DEBUG main org.apache.ibatis.transaction.jdbc.JdbcTransaction - Setting autocommit to false on JDBC Connection [com.mysql.cj.jdbc.ConnectionImpl@3c01cfa1]
DEBUG main Mappers.ProductAccessoryMapper.selectByPrimaryKey - ==>  Preparing: select produce_date, furnace_num, accessory_name, addtime, class_no, addweight from product_accessory where produce_date = ? and furnace_num = ? and accessory_name = ? and addtime = ?
DEBUG main Mappers.ProductAccessoryMapper.selectByPrimaryKey - ==> Parameters: 2020-01-01(Date), 02600001(String), 生白云石(String), 0(Integer)
DEBUG main Mappers.ProductAccessoryMapper.selectByPrimaryKey - <==      Total: 1
DEBUG main org.apache.ibatis.transaction.jdbc.JdbcTransaction - Resetting autocommit to true on JDBC Connection [com.mysql.cj.jdbc.ConnectionImpl@3c01cfa1]
DEBUG main org.apache.ibatis.transaction.jdbc.JdbcTransaction - Closing JDBC Connection [com.mysql.cj.jdbc.ConnectionImpl@3c01cfa1]
DEBUG main org.apache.ibatis.datasource.pooled.PooledDataSource - Returned connection 1006751649 to pool.
DEBUG main org.apache.ibatis.logging.LogFactory - Logging initialized using 'class org.apache.ibatis.logging.slf4j.Slf4jImpl' adapter.
DEBUG main org.apache.ibatis.datasource.pooled.PooledDataSource - PooledDataSource forcefully closed/removed all connections.
DEBUG main org.apache.ibatis.datasource.pooled.PooledDataSource - PooledDataSource forcefully closed/removed all connections.
DEBUG main org.apache.ibatis.datasource.pooled.PooledDataSource - PooledDataSource forcefully closed/removed all connections.
DEBUG main org.apache.ibatis.datasource.pooled.PooledDataSource - PooledDataSource forcefully closed/removed all connections.
DEBUG main org.apache.ibatis.transaction.jdbc.JdbcTransaction - Opening JDBC Connection
DEBUG main org.apache.ibatis.datasource.pooled.PooledDataSource - Created connection 1845623216.
DEBUG main org.apache.ibatis.transaction.jdbc.JdbcTransaction - Setting autocommit to false on JDBC Connection [com.mysql.cj.jdbc.ConnectionImpl@6e01f9b0]
DEBUG main Mappers.ProductAccessoryMapper.selectAll - ==>  Preparing: select * from product_accessory
DEBUG main Mappers.ProductAccessoryMapper.selectAll - ==> Parameters: 
DEBUG main Mappers.ProductAccessoryMapper.selectAll - <==      Total: 985
DEBUG main org.apache.ibatis.transaction.jdbc.JdbcTransaction - Resetting autocommit to true on JDBC Connection [com.mysql.cj.jdbc.ConnectionImpl@6e01f9b0]
DEBUG main org.apache.ibatis.transaction.jdbc.JdbcTransaction - Closing JDBC Connection [com.mysql.cj.jdbc.ConnectionImpl@6e01f9b0]
DEBUG main org.apache.ibatis.datasource.pooled.PooledDataSource - Returned connection 1845623216 to pool.
DEBUG main org.apache.ibatis.logging.LogFactory - Logging initialized using 'class org.apache.ibatis.logging.slf4j.Slf4jImpl' adapter.
DEBUG main org.apache.ibatis.datasource.pooled.PooledDataSource - PooledDataSource forcefully closed/removed all connections.
DEBUG main org.apache.ibatis.datasource.pooled.PooledDataSource - PooledDataSource forcefully closed/removed all connections.
DEBUG main org.apache.ibatis.datasource.pooled.PooledDataSource - PooledDataSource forcefully closed/removed all connections.
DEBUG main org.apache.ibatis.datasource.pooled.PooledDataSource - PooledDataSource forcefully closed/removed all connections.
DEBUG main org.apache.ibatis.transaction.jdbc.JdbcTransaction - Opening JDBC Connection
DEBUG main org.apache.ibatis.datasource.pooled.PooledDataSource - Created connection 1533524862.
DEBUG main org.apache.ibatis.transaction.jdbc.JdbcTransaction - Setting autocommit to false on JDBC Connection [com.mysql.cj.jdbc.ConnectionImpl@5b67bb7e]
DEBUG main Mappers.ProductAccessoryMapper.updateByPrimaryKeySelective - ==>  Preparing: update product_accessory SET addweight = ? where produce_date = ? and furnace_num = ? and accessory_name = ? and addtime = ?
DEBUG main Mappers.ProductAccessoryMapper.updateByPrimaryKeySelective - ==> Parameters: 600(Integer), 2020-03-05(Date), 02613579(String), 二氧化硫(String), 5(Integer)
DEBUG main Mappers.ProductAccessoryMapper.updateByPrimaryKeySelective - <==    Updates: 1
DEBUG main org.apache.ibatis.transaction.jdbc.JdbcTransaction - Committing JDBC Connection [com.mysql.cj.jdbc.ConnectionImpl@5b67bb7e]
DEBUG main org.apache.ibatis.transaction.jdbc.JdbcTransaction - Resetting autocommit to true on JDBC Connection [com.mysql.cj.jdbc.ConnectionImpl@5b67bb7e]
DEBUG main org.apache.ibatis.transaction.jdbc.JdbcTransaction - Closing JDBC Connection [com.mysql.cj.jdbc.ConnectionImpl@5b67bb7e]
DEBUG main org.apache.ibatis.datasource.pooled.PooledDataSource - Returned connection 1533524862 to pool.
DEBUG main org.apache.ibatis.logging.LogFactory - Logging initialized using 'class org.apache.ibatis.logging.slf4j.Slf4jImpl' adapter.
DEBUG main org.apache.ibatis.datasource.pooled.PooledDataSource - PooledDataSource forcefully closed/removed all connections.
DEBUG main org.apache.ibatis.datasource.pooled.PooledDataSource - PooledDataSource forcefully closed/removed all connections.
DEBUG main org.apache.ibatis.datasource.pooled.PooledDataSource - PooledDataSource forcefully closed/removed all connections.
DEBUG main org.apache.ibatis.datasource.pooled.PooledDataSource - PooledDataSource forcefully closed/removed all connections.
DEBUG main org.apache.ibatis.transaction.jdbc.JdbcTransaction - Opening JDBC Connection
DEBUG main org.apache.ibatis.datasource.pooled.PooledDataSource - Created connection 1789268516.
DEBUG main org.apache.ibatis.transaction.jdbc.JdbcTransaction - Setting autocommit to false on JDBC Connection [com.mysql.cj.jdbc.ConnectionImpl@6aa61224]
DEBUG main Mappers.ProductAccessoryMapper.deleteByPrimaryKey - ==>  Preparing: delete from product_accessory where produce_date = ? and furnace_num = ? and accessory_name = ? and addtime = ?
DEBUG main Mappers.ProductAccessoryMapper.deleteByPrimaryKey - ==> Parameters: 2020-03-05(Date), 02613579(String), 二氧化硫(String), 5(Integer)
DEBUG main Mappers.ProductAccessoryMapper.deleteByPrimaryKey - <==    Updates: 1
DEBUG main org.apache.ibatis.transaction.jdbc.JdbcTransaction - Committing JDBC Connection [com.mysql.cj.jdbc.ConnectionImpl@6aa61224]
DEBUG main org.apache.ibatis.transaction.jdbc.JdbcTransaction - Resetting autocommit to true on JDBC Connection [com.mysql.cj.jdbc.ConnectionImpl@6aa61224]
DEBUG main org.apache.ibatis.transaction.jdbc.JdbcTransaction - Closing JDBC Connection [com.mysql.cj.jdbc.ConnectionImpl@6aa61224]
DEBUG main org.apache.ibatis.datasource.pooled.PooledDataSource - Returned connection 1789268516 to pool.
DEBUG main org.apache.ibatis.logging.LogFactory - Logging initialized using 'class org.apache.ibatis.logging.slf4j.Slf4jImpl' adapter.
DEBUG main org.apache.ibatis.datasource.pooled.PooledDataSource - PooledDataSource forcefully closed/removed all connections.
DEBUG main org.apache.ibatis.datasource.pooled.PooledDataSource - PooledDataSource forcefully closed/removed all connections.
DEBUG main org.apache.ibatis.datasource.pooled.PooledDataSource - PooledDataSource forcefully closed/removed all connections.
DEBUG main org.apache.ibatis.datasource.pooled.PooledDataSource - PooledDataSource forcefully closed/removed all connections.
DEBUG main org.apache.ibatis.transaction.jdbc.JdbcTransaction - Opening JDBC Connection
DEBUG main org.apache.ibatis.datasource.pooled.PooledDataSource - Created connection 1789268516.
DEBUG main org.apache.ibatis.transaction.jdbc.JdbcTransaction - Setting autocommit to false on JDBC Connection [com.mysql.cj.jdbc.ConnectionImpl@6aa61224]
DEBUG main Mappers.ProductAccessoryMapper.deleteByPrimaryKey - ==>  Preparing: delete from product_accessory where produce_date = ? and furnace_num = ? and accessory_name = ? and addtime = ?
DEBUG main Mappers.ProductAccessoryMapper.deleteByPrimaryKey - ==> Parameters: 2020-03-05(Date), 02613579(String), 二氧化硫(String), 5(Integer)
DEBUG main Mappers.ProductAccessoryMapper.deleteByPrimaryKey - <==    Updates: 0
DEBUG main org.apache.ibatis.transaction.jdbc.JdbcTransaction - Committing JDBC Connection [com.mysql.cj.jdbc.ConnectionImpl@6aa61224]
DEBUG main org.apache.ibatis.transaction.jdbc.JdbcTransaction - Resetting autocommit to true on JDBC Connection [com.mysql.cj.jdbc.ConnectionImpl@6aa61224]
DEBUG main org.apache.ibatis.transaction.jdbc.JdbcTransaction - Closing JDBC Connection [com.mysql.cj.jdbc.ConnectionImpl@6aa61224]
DEBUG main org.apache.ibatis.datasource.pooled.PooledDataSource - Returned connection 1789268516 to pool.
DEBUG main org.apache.ibatis.logging.LogFactory - Logging initialized using 'class org.apache.ibatis.logging.slf4j.Slf4jImpl' adapter.
DEBUG main org.apache.ibatis.datasource.pooled.PooledDataSource - PooledDataSource forcefully closed/removed all connections.
DEBUG main org.apache.ibatis.datasource.pooled.PooledDataSource - PooledDataSource forcefully closed/removed all connections.
DEBUG main org.apache.ibatis.datasource.pooled.PooledDataSource - PooledDataSource forcefully closed/removed all connections.
DEBUG main org.apache.ibatis.datasource.pooled.PooledDataSource - PooledDataSource forcefully closed/removed all connections.
DEBUG main org.apache.ibatis.transaction.jdbc.JdbcTransaction - Opening JDBC Connection
DEBUG main org.apache.ibatis.datasource.pooled.PooledDataSource - Created connection 1006751649.
DEBUG main org.apache.ibatis.transaction.jdbc.JdbcTransaction - Setting autocommit to false on JDBC Connection [com.mysql.cj.jdbc.ConnectionImpl@3c01cfa1]
DEBUG main Mappers.ProductAccessoryMapper.deleteByPrimaryKey - ==>  Preparing: delete from product_accessory where produce_date = ? and furnace_num = ? and accessory_name = ? and addtime = ?
DEBUG main Mappers.ProductAccessoryMapper.deleteByPrimaryKey - ==> Parameters: 2020-03-05(Date), 02613579(String), 二氧化硫(String), 5(Integer)
DEBUG main Mappers.ProductAccessoryMapper.deleteByPrimaryKey - <==    Updates: 0
DEBUG main org.apache.ibatis.transaction.jdbc.JdbcTransaction - Committing JDBC Connection [com.mysql.cj.jdbc.ConnectionImpl@3c01cfa1]
DEBUG main org.apache.ibatis.transaction.jdbc.JdbcTransaction - Resetting autocommit to true on JDBC Connection [com.mysql.cj.jdbc.ConnectionImpl@3c01cfa1]
DEBUG main org.apache.ibatis.transaction.jdbc.JdbcTransaction - Closing JDBC Connection [com.mysql.cj.jdbc.ConnectionImpl@3c01cfa1]
DEBUG main org.apache.ibatis.datasource.pooled.PooledDataSource - Returned connection 1006751649 to pool.
DEBUG main org.apache.ibatis.logging.LogFactory - Logging initialized using 'class org.apache.ibatis.logging.slf4j.Slf4jImpl' adapter.
DEBUG main org.apache.ibatis.datasource.pooled.PooledDataSource - PooledDataSource forcefully closed/removed all connections.
DEBUG main org.apache.ibatis.datasource.pooled.PooledDataSource - PooledDataSource forcefully closed/removed all connections.
DEBUG main org.apache.ibatis.datasource.pooled.PooledDataSource - PooledDataSource forcefully closed/removed all connections.
DEBUG main org.apache.ibatis.datasource.pooled.PooledDataSource - PooledDataSource forcefully closed/removed all connections.
DEBUG main org.apache.ibatis.logging.LogFactory - Logging initialized using 'class org.apache.ibatis.logging.slf4j.Slf4jImpl' adapter.
DEBUG main org.apache.ibatis.datasource.pooled.PooledDataSource - PooledDataSource forcefully closed/removed all connections.
DEBUG main org.apache.ibatis.datasource.pooled.PooledDataSource - PooledDataSource forcefully closed/removed all connections.
DEBUG main org.apache.ibatis.datasource.pooled.PooledDataSource - PooledDataSource forcefully closed/removed all connections.
DEBUG main org.apache.ibatis.datasource.pooled.PooledDataSource - PooledDataSource forcefully closed/removed all connections.
DEBUG main org.apache.ibatis.transaction.jdbc.JdbcTransaction - Opening JDBC Connection
DEBUG main org.apache.ibatis.transaction.jdbc.JdbcTransaction - Opening JDBC Connection
DEBUG main org.apache.ibatis.datasource.pooled.PooledDataSource - Created connection 1006751649.
DEBUG main org.apache.ibatis.transaction.jdbc.JdbcTransaction - Setting autocommit to false on JDBC Connection [com.mysql.cj.jdbc.ConnectionImpl@3c01cfa1]
DEBUG main Mappers.ProductAccessoryMapper.deleteByPrimaryKey - ==>  Preparing: delete from product_accessory where produce_date = ? and furnace_num = ? and accessory_name = ? and addtime = ?
DEBUG main org.apache.ibatis.datasource.pooled.PooledDataSource - Created connection 1006751649.
DEBUG main org.apache.ibatis.transaction.jdbc.JdbcTransaction - Setting autocommit to false on JDBC Connection [com.mysql.cj.jdbc.ConnectionImpl@3c01cfa1]
DEBUG main Mappers.ProductAccessoryMapper.deleteByPrimaryKey - ==>  Preparing: delete from product_accessory where produce_date = ? and furnace_num = ? and accessory_name = ? and addtime = ?
DEBUG main Mappers.ProductAccessoryMapper.deleteByPrimaryKey - ==> Parameters: 2020-03-05(Date), 02613579(String), 二氧化硫(String), 5(Integer)
DEBUG main Mappers.ProductAccessoryMapper.deleteByPrimaryKey - <==    Updates: 0
DEBUG main org.apache.ibatis.transaction.jdbc.JdbcTransaction - Committing JDBC Connection [com.mysql.cj.jdbc.ConnectionImpl@3c01cfa1]
DEBUG main org.apache.ibatis.transaction.jdbc.JdbcTransaction - Resetting autocommit to true on JDBC Connection [com.mysql.cj.jdbc.ConnectionImpl@3c01cfa1]
DEBUG main org.apache.ibatis.transaction.jdbc.JdbcTransaction - Closing JDBC Connection [com.mysql.cj.jdbc.ConnectionImpl@3c01cfa1]
DEBUG main org.apache.ibatis.datasource.pooled.PooledDataSource - Returned connection 1006751649 to pool.
DEBUG main Mappers.ProductAccessoryMapper.deleteByPrimaryKey - ==> Parameters: 2020-03-05(Date), 02613579(String), 二氧化硫(String), 5(Integer)
DEBUG main Mappers.ProductAccessoryMapper.deleteByPrimaryKey - <==    Updates: 0
DEBUG main org.apache.ibatis.transaction.jdbc.JdbcTransaction - Committing JDBC Connection [com.mysql.cj.jdbc.ConnectionImpl@3c01cfa1]
DEBUG main org.apache.ibatis.transaction.jdbc.JdbcTransaction - Resetting autocommit to true on JDBC Connection [com.mysql.cj.jdbc.ConnectionImpl@3c01cfa1]
DEBUG main org.apache.ibatis.transaction.jdbc.JdbcTransaction - Closing JDBC Connection [com.mysql.cj.jdbc.ConnectionImpl@3c01cfa1]
DEBUG main org.apache.ibatis.datasource.pooled.PooledDataSource - Returned connection 1006751649 to pool.
DEBUG main org.apache.ibatis.logging.LogFactory - Logging initialized using 'class org.apache.ibatis.logging.slf4j.Slf4jImpl' adapter.
DEBUG main org.apache.ibatis.datasource.pooled.PooledDataSource - PooledDataSource forcefully closed/removed all connections.
DEBUG main org.apache.ibatis.datasource.pooled.PooledDataSource - PooledDataSource forcefully closed/removed all connections.
DEBUG main org.apache.ibatis.datasource.pooled.PooledDataSource - PooledDataSource forcefully closed/removed all connections.
DEBUG main org.apache.ibatis.datasource.pooled.PooledDataSource - PooledDataSource forcefully closed/removed all connections.
DEBUG main org.apache.ibatis.transaction.jdbc.JdbcTransaction - Opening JDBC Connection
DEBUG main org.apache.ibatis.datasource.pooled.PooledDataSource - Created connection 1935122449.
DEBUG main org.apache.ibatis.transaction.jdbc.JdbcTransaction - Setting autocommit to false on JDBC Connection [com.mysql.cj.jdbc.ConnectionImpl@7357a011]
DEBUG main Mappers.ProductAccessoryMapper.deleteByPrimaryKey - ==>  Preparing: delete from product_accessory where produce_date = ? and furnace_num = ? and accessory_name = ? and addtime = ?
DEBUG main Mappers.ProductAccessoryMapper.deleteByPrimaryKey - ==> Parameters: 2020-03-05(Date), 02613579(String), 二氧化硫(String), 5(Integer)
DEBUG main Mappers.ProductAccessoryMapper.deleteByPrimaryKey - <==    Updates: 0
DEBUG main org.apache.ibatis.transaction.jdbc.JdbcTransaction - Committing JDBC Connection [com.mysql.cj.jdbc.ConnectionImpl@7357a011]
DEBUG main org.apache.ibatis.transaction.jdbc.JdbcTransaction - Resetting autocommit to true on JDBC Connection [com.mysql.cj.jdbc.ConnectionImpl@7357a011]
DEBUG main org.apache.ibatis.transaction.jdbc.JdbcTransaction - Closing JDBC Connection [com.mysql.cj.jdbc.ConnectionImpl@7357a011]
DEBUG main org.apache.ibatis.datasource.pooled.PooledDataSource - Returned connection 1935122449 to pool.
DEBUG main org.apache.ibatis.logging.LogFactory - Logging initialized using 'class org.apache.ibatis.logging.slf4j.Slf4jImpl' adapter.
DEBUG main org.apache.ibatis.datasource.pooled.PooledDataSource - PooledDataSource forcefully closed/removed all connections.
DEBUG main org.apache.ibatis.datasource.pooled.PooledDataSource - PooledDataSource forcefully closed/removed all connections.
DEBUG main org.apache.ibatis.datasource.pooled.PooledDataSource - PooledDataSource forcefully closed/removed all connections.
DEBUG main org.apache.ibatis.datasource.pooled.PooledDataSource - PooledDataSource forcefully closed/removed all connections.
DEBUG main org.apache.ibatis.transaction.jdbc.JdbcTransaction - Opening JDBC Connection
DEBUG main org.apache.ibatis.datasource.pooled.PooledDataSource - Created connection 1920907467.
DEBUG main org.apache.ibatis.transaction.jdbc.JdbcTransaction - Setting autocommit to false on JDBC Connection [com.mysql.cj.jdbc.ConnectionImpl@727eb8cb]
DEBUG main Mappers.ProductParameterMapper.insert - ==>  Preparing: insert into product_parameter (produce_date, furnace_num, class_no, furnace_no, furnace_age, steel_name, oxygun1, oxygun2, oxymode, iron_c, iron_si, iron_mn, iron_p, iron_s, iron_temperature, outlet_age, iron_weight, resteel_weight1, resteel_weight2, steel_weight, pro_oxytime1, pro_oxyval, turn_num, turn_temperature1, pro_oxytime2, turn_temperature2, pro_nval, slag_time, slag_weight, turn_c, turn_s, turn_p, turn_mn, steel_dir, steel_fe, steel_remark ) values (?, ?, ?, ?, ?, ?, ?, ?, ?, ?, ?, ?, ?, ?, ?, ?, ?, ?, ?, ?, ?, ?, ?, ?, ?, ?, ?, ?, ?, ?, ?, ?, ?, ?, ?, ? )
DEBUG main Mappers.ProductParameterMapper.insert - ==> Parameters: 2020-03-05(Date), 02613579(String), 丙(String), 2(String), 11074(String), Q235B-Z(String), 116(Integer), 121(Integer), 20(Integer), 4.92999999999999971578290569595992565155029296875(BigDecimal), 0.4699999999999999733546474089962430298328399658203125(BigDecimal), 0.330000000000000015543122344752191565930843353271484375(BigDecimal), 0.13600000000000000976996261670137755572795867919921875(BigDecimal), 0.0259999999999999988065102485279567190445959568023681640625(BigDecimal), 1330(String), 251(Integer), 110.0499999999999971578290569595992565155029296875(BigDecimal), 19.949999999999999289457264239899814128875732421875(BigDecimal), 20.019999999999999573674358543939888477325439453125(BigDecimal), 127.56000000000000227373675443232059478759765625(BigDecimal), 0.5403000000000000024868995751603506505489349365234375(BigDecimal), 5663(Integer), 1(Integer), 1672(Integer), 0.1499999999999999944488848768742172978818416595458984375(BigDecimal), null, 1591(Integer), 0.1529999999999999971134201359745929948985576629638671875(BigDecimal), 20(Integer), 0.0899999999999999966693309261245303787291049957275390625(BigDecimal), 0.0899999999999999966693309261245303787291049957275390625(BigDecimal), 0.0899999999999999966693309261245303787291049957275390625(BigDecimal), 0.0899999999999999966693309261245303787291049957275390625(BigDecimal), 1(Integer), 5(Integer), good(String)
DEBUG main org.apache.ibatis.logging.LogFactory - Logging initialized using 'class org.apache.ibatis.logging.slf4j.Slf4jImpl' adapter.
DEBUG main org.apache.ibatis.datasource.pooled.PooledDataSource - PooledDataSource forcefully closed/removed all connections.
DEBUG main org.apache.ibatis.datasource.pooled.PooledDataSource - PooledDataSource forcefully closed/removed all connections.
DEBUG main org.apache.ibatis.datasource.pooled.PooledDataSource - PooledDataSource forcefully closed/removed all connections.
DEBUG main org.apache.ibatis.datasource.pooled.PooledDataSource - PooledDataSource forcefully closed/removed all connections.
DEBUG main org.apache.ibatis.transaction.jdbc.JdbcTransaction - Opening JDBC Connection
DEBUG main org.apache.ibatis.datasource.pooled.PooledDataSource - Created connection 1920907467.
DEBUG main org.apache.ibatis.transaction.jdbc.JdbcTransaction - Setting autocommit to false on JDBC Connection [com.mysql.cj.jdbc.ConnectionImpl@727eb8cb]
DEBUG main Mappers.ProductParameterMapper.deleteByPrimaryKey - ==>  Preparing: delete from product_parameter where produce_date = ? and furnace_num = ?
DEBUG main Mappers.ProductParameterMapper.deleteByPrimaryKey - ==> Parameters: 2020-03-05(Date), 02613579(String)
DEBUG main Mappers.ProductParameterMapper.deleteByPrimaryKey - <==    Updates: 1
DEBUG main org.apache.ibatis.transaction.jdbc.JdbcTransaction - Committing JDBC Connection [com.mysql.cj.jdbc.ConnectionImpl@727eb8cb]
DEBUG main org.apache.ibatis.transaction.jdbc.JdbcTransaction - Resetting autocommit to true on JDBC Connection [com.mysql.cj.jdbc.ConnectionImpl@727eb8cb]
DEBUG main org.apache.ibatis.transaction.jdbc.JdbcTransaction - Closing JDBC Connection [com.mysql.cj.jdbc.ConnectionImpl@727eb8cb]
DEBUG main org.apache.ibatis.datasource.pooled.PooledDataSource - Returned connection 1920907467 to pool.
DEBUG main org.apache.ibatis.logging.LogFactory - Logging initialized using 'class org.apache.ibatis.logging.slf4j.Slf4jImpl' adapter.
DEBUG main org.apache.ibatis.datasource.pooled.PooledDataSource - PooledDataSource forcefully closed/removed all connections.
DEBUG main org.apache.ibatis.datasource.pooled.PooledDataSource - PooledDataSource forcefully closed/removed all connections.
DEBUG main org.apache.ibatis.datasource.pooled.PooledDataSource - PooledDataSource forcefully closed/removed all connections.
DEBUG main org.apache.ibatis.datasource.pooled.PooledDataSource - PooledDataSource forcefully closed/removed all connections.
DEBUG main org.apache.ibatis.transaction.jdbc.JdbcTransaction - Opening JDBC Connection
DEBUG main org.apache.ibatis.datasource.pooled.PooledDataSource - Created connection 1920907467.
DEBUG main org.apache.ibatis.transaction.jdbc.JdbcTransaction - Setting autocommit to false on JDBC Connection [com.mysql.cj.jdbc.ConnectionImpl@727eb8cb]
DEBUG main Mappers.ProductParameterMapper.deleteByPrimaryKey - ==>  Preparing: delete from product_parameter where produce_date = ? and furnace_num = ?
DEBUG main Mappers.ProductParameterMapper.deleteByPrimaryKey - ==> Parameters: 2020-03-05(Date), 02613579(String)
DEBUG main Mappers.ProductParameterMapper.deleteByPrimaryKey - <==    Updates: 0
DEBUG main org.apache.ibatis.transaction.jdbc.JdbcTransaction - Committing JDBC Connection [com.mysql.cj.jdbc.ConnectionImpl@727eb8cb]
DEBUG main org.apache.ibatis.transaction.jdbc.JdbcTransaction - Resetting autocommit to true on JDBC Connection [com.mysql.cj.jdbc.ConnectionImpl@727eb8cb]
DEBUG main org.apache.ibatis.transaction.jdbc.JdbcTransaction - Closing JDBC Connection [com.mysql.cj.jdbc.ConnectionImpl@727eb8cb]
DEBUG main org.apache.ibatis.datasource.pooled.PooledDataSource - Returned connection 1920907467 to pool.
DEBUG main org.apache.ibatis.logging.LogFactory - Logging initialized using 'class org.apache.ibatis.logging.slf4j.Slf4jImpl' adapter.
DEBUG main org.apache.ibatis.datasource.pooled.PooledDataSource - PooledDataSource forcefully closed/removed all connections.
DEBUG main org.apache.ibatis.datasource.pooled.PooledDataSource - PooledDataSource forcefully closed/removed all connections.
DEBUG main org.apache.ibatis.datasource.pooled.PooledDataSource - PooledDataSource forcefully closed/removed all connections.
DEBUG main org.apache.ibatis.datasource.pooled.PooledDataSource - PooledDataSource forcefully closed/removed all connections.
DEBUG main org.apache.ibatis.transaction.jdbc.JdbcTransaction - Opening JDBC Connection
DEBUG main org.apache.ibatis.datasource.pooled.PooledDataSource - Created connection 91323447.
DEBUG main org.apache.ibatis.transaction.jdbc.JdbcTransaction - Setting autocommit to false on JDBC Connection [com.mysql.cj.jdbc.ConnectionImpl@5717c37]
DEBUG main Mappers.ProductParameterMapper.deleteByPrimaryKey - ==>  Preparing: delete from product_parameter where produce_date = ? and furnace_num = ?
DEBUG main Mappers.ProductParameterMapper.deleteByPrimaryKey - ==> Parameters: 2020-03-05(Date), 02613579(String)
DEBUG main Mappers.ProductParameterMapper.deleteByPrimaryKey - <==    Updates: 0
DEBUG main org.apache.ibatis.transaction.jdbc.JdbcTransaction - Committing JDBC Connection [com.mysql.cj.jdbc.ConnectionImpl@5717c37]
DEBUG main org.apache.ibatis.transaction.jdbc.JdbcTransaction - Resetting autocommit to true on JDBC Connection [com.mysql.cj.jdbc.ConnectionImpl@5717c37]
DEBUG main org.apache.ibatis.transaction.jdbc.JdbcTransaction - Closing JDBC Connection [com.mysql.cj.jdbc.ConnectionImpl@5717c37]
DEBUG main org.apache.ibatis.datasource.pooled.PooledDataSource - Returned connection 91323447 to pool.
DEBUG main org.apache.ibatis.logging.LogFactory - Logging initialized using 'class org.apache.ibatis.logging.slf4j.Slf4jImpl' adapter.
DEBUG main org.apache.ibatis.datasource.pooled.PooledDataSource - PooledDataSource forcefully closed/removed all connections.
DEBUG main org.apache.ibatis.datasource.pooled.PooledDataSource - PooledDataSource forcefully closed/removed all connections.
DEBUG main org.apache.ibatis.datasource.pooled.PooledDataSource - PooledDataSource forcefully closed/removed all connections.
DEBUG main org.apache.ibatis.datasource.pooled.PooledDataSource - PooledDataSource forcefully closed/removed all connections.
DEBUG main org.apache.ibatis.transaction.jdbc.JdbcTransaction - Opening JDBC Connection
DEBUG main org.apache.ibatis.datasource.pooled.PooledDataSource - Created connection 1920907467.
DEBUG main org.apache.ibatis.transaction.jdbc.JdbcTransaction - Setting autocommit to false on JDBC Connection [com.mysql.cj.jdbc.ConnectionImpl@727eb8cb]
DEBUG main Mappers.ProductParameterMapper.insert - ==>  Preparing: insert into product_parameter (produce_date, furnace_num, class_no, furnace_no, furnace_age, steel_name, oxygun1, oxygun2, oxymode, iron_c, iron_si, iron_mn, iron_p, iron_s, iron_temperature, outlet_age, iron_weight, resteel_weight1, resteel_weight2, steel_weight, pro_oxytime1, pro_oxyval, turn_num, turn_temperature1, pro_oxytime2, turn_temperature2, pro_nval, slag_time, slag_weight, turn_c, turn_s, turn_p, turn_mn, steel_dir, steel_fe, steel_remark ) values (?, ?, ?, ?, ?, ?, ?, ?, ?, ?, ?, ?, ?, ?, ?, ?, ?, ?, ?, ?, ?, ?, ?, ?, ?, ?, ?, ?, ?, ?, ?, ?, ?, ?, ?, ? )
DEBUG main Mappers.ProductParameterMapper.insert - ==> Parameters: 2020-03-05(Date), 02613579(String), 丙(String), 2(String), 11074(String), Q235B-Z(String), 116(Integer), 121(Integer), 20(Integer), 4.92999999999999971578290569595992565155029296875(BigDecimal), 0.4699999999999999733546474089962430298328399658203125(BigDecimal), 0.330000000000000015543122344752191565930843353271484375(BigDecimal), 0.13600000000000000976996261670137755572795867919921875(BigDecimal), 0.0259999999999999988065102485279567190445959568023681640625(BigDecimal), 1330(String), 251(Integer), 110.0499999999999971578290569595992565155029296875(BigDecimal), 19.949999999999999289457264239899814128875732421875(BigDecimal), 20.019999999999999573674358543939888477325439453125(BigDecimal), 127.56000000000000227373675443232059478759765625(BigDecimal), 0.5403000000000000024868995751603506505489349365234375(BigDecimal), 5663(Integer), 1(Integer), 1672(Integer), 0.1499999999999999944488848768742172978818416595458984375(BigDecimal), null, 1591(Integer), 0.1529999999999999971134201359745929948985576629638671875(BigDecimal), 20(Integer), 0.0899999999999999966693309261245303787291049957275390625(BigDecimal), 0.0899999999999999966693309261245303787291049957275390625(BigDecimal), 0.0899999999999999966693309261245303787291049957275390625(BigDecimal), 0.0899999999999999966693309261245303787291049957275390625(BigDecimal), 1(Integer), 5(Integer), good(String)
DEBUG main Mappers.ProductParameterMapper.insert - <==    Updates: 1
DEBUG main org.apache.ibatis.transaction.jdbc.JdbcTransaction - Committing JDBC Connection [com.mysql.cj.jdbc.ConnectionImpl@727eb8cb]
DEBUG main org.apache.ibatis.transaction.jdbc.JdbcTransaction - Resetting autocommit to true on JDBC Connection [com.mysql.cj.jdbc.ConnectionImpl@727eb8cb]
DEBUG main org.apache.ibatis.transaction.jdbc.JdbcTransaction - Closing JDBC Connection [com.mysql.cj.jdbc.ConnectionImpl@727eb8cb]
DEBUG main org.apache.ibatis.datasource.pooled.PooledDataSource - Returned connection 1920907467 to pool.
DEBUG main org.apache.ibatis.logging.LogFactory - Logging initialized using 'class org.apache.ibatis.logging.slf4j.Slf4jImpl' adapter.
DEBUG main org.apache.ibatis.datasource.pooled.PooledDataSource - PooledDataSource forcefully closed/removed all connections.
DEBUG main org.apache.ibatis.datasource.pooled.PooledDataSource - PooledDataSource forcefully closed/removed all connections.
DEBUG main org.apache.ibatis.datasource.pooled.PooledDataSource - PooledDataSource forcefully closed/removed all connections.
DEBUG main org.apache.ibatis.datasource.pooled.PooledDataSource - PooledDataSource forcefully closed/removed all connections.
DEBUG main org.apache.ibatis.transaction.jdbc.JdbcTransaction - Opening JDBC Connection
DEBUG main org.apache.ibatis.datasource.pooled.PooledDataSource - Created connection 1920907467.
DEBUG main org.apache.ibatis.transaction.jdbc.JdbcTransaction - Setting autocommit to false on JDBC Connection [com.mysql.cj.jdbc.ConnectionImpl@727eb8cb]
DEBUG main Mappers.ProductParameterMapper.insert - ==>  Preparing: insert into product_parameter (produce_date, furnace_num, class_no, furnace_no, furnace_age, steel_name, oxygun1, oxygun2, oxymode, iron_c, iron_si, iron_mn, iron_p, iron_s, iron_temperature, outlet_age, iron_weight, resteel_weight1, resteel_weight2, steel_weight, pro_oxytime1, pro_oxyval, turn_num, turn_temperature1, pro_oxytime2, turn_temperature2, pro_nval, slag_time, slag_weight, turn_c, turn_s, turn_p, turn_mn, steel_dir, steel_fe, steel_remark ) values (?, ?, ?, ?, ?, ?, ?, ?, ?, ?, ?, ?, ?, ?, ?, ?, ?, ?, ?, ?, ?, ?, ?, ?, ?, ?, ?, ?, ?, ?, ?, ?, ?, ?, ?, ? )
DEBUG main Mappers.ProductParameterMapper.insert - ==> Parameters: 2020-03-05(Date), 02613579(String), 丙(String), 2(String), 11074(String), Q235B-Z(String), 116(Integer), 121(Integer), 20(Integer), 4.92999999999999971578290569595992565155029296875(BigDecimal), 0.4699999999999999733546474089962430298328399658203125(BigDecimal), 0.330000000000000015543122344752191565930843353271484375(BigDecimal), 0.13600000000000000976996261670137755572795867919921875(BigDecimal), 0.0259999999999999988065102485279567190445959568023681640625(BigDecimal), 1330(String), 251(Integer), 110.0499999999999971578290569595992565155029296875(BigDecimal), 19.949999999999999289457264239899814128875732421875(BigDecimal), 20.019999999999999573674358543939888477325439453125(BigDecimal), 127.56000000000000227373675443232059478759765625(BigDecimal), 0.5403000000000000024868995751603506505489349365234375(BigDecimal), 5663(Integer), 1(Integer), 1672(Integer), 0.1499999999999999944488848768742172978818416595458984375(BigDecimal), null, 1591(Integer), 0.1529999999999999971134201359745929948985576629638671875(BigDecimal), 20(Integer), 0.0899999999999999966693309261245303787291049957275390625(BigDecimal), 0.0899999999999999966693309261245303787291049957275390625(BigDecimal), 0.0899999999999999966693309261245303787291049957275390625(BigDecimal), 0.0899999999999999966693309261245303787291049957275390625(BigDecimal), 1(Integer), 5(Integer), good(String)
DEBUG main org.apache.ibatis.logging.LogFactory - Logging initialized using 'class org.apache.ibatis.logging.slf4j.Slf4jImpl' adapter.
DEBUG main org.apache.ibatis.datasource.pooled.PooledDataSource - PooledDataSource forcefully closed/removed all connections.
DEBUG main org.apache.ibatis.datasource.pooled.PooledDataSource - PooledDataSource forcefully closed/removed all connections.
DEBUG main org.apache.ibatis.datasource.pooled.PooledDataSource - PooledDataSource forcefully closed/removed all connections.
DEBUG main org.apache.ibatis.datasource.pooled.PooledDataSource - PooledDataSource forcefully closed/removed all connections.
DEBUG main org.apache.ibatis.transaction.jdbc.JdbcTransaction - Opening JDBC Connection
DEBUG main org.apache.ibatis.datasource.pooled.PooledDataSource - Created connection 1920907467.
DEBUG main org.apache.ibatis.transaction.jdbc.JdbcTransaction - Setting autocommit to false on JDBC Connection [com.mysql.cj.jdbc.ConnectionImpl@727eb8cb]
DEBUG main Mappers.ProductParameterMapper.deleteByPrimaryKey - ==>  Preparing: delete from product_parameter where produce_date = ? and furnace_num = ?
DEBUG main Mappers.ProductParameterMapper.deleteByPrimaryKey - ==> Parameters: 2020-03-05(Date), 02613579(String)
DEBUG main Mappers.ProductParameterMapper.deleteByPrimaryKey - <==    Updates: 1
DEBUG main org.apache.ibatis.transaction.jdbc.JdbcTransaction - Committing JDBC Connection [com.mysql.cj.jdbc.ConnectionImpl@727eb8cb]
DEBUG main org.apache.ibatis.transaction.jdbc.JdbcTransaction - Resetting autocommit to true on JDBC Connection [com.mysql.cj.jdbc.ConnectionImpl@727eb8cb]
DEBUG main org.apache.ibatis.transaction.jdbc.JdbcTransaction - Closing JDBC Connection [com.mysql.cj.jdbc.ConnectionImpl@727eb8cb]
DEBUG main org.apache.ibatis.datasource.pooled.PooledDataSource - Returned connection 1920907467 to pool.
DEBUG main org.apache.ibatis.logging.LogFactory - Logging initialized using 'class org.apache.ibatis.logging.slf4j.Slf4jImpl' adapter.
DEBUG main org.apache.ibatis.datasource.pooled.PooledDataSource - PooledDataSource forcefully closed/removed all connections.
DEBUG main org.apache.ibatis.datasource.pooled.PooledDataSource - PooledDataSource forcefully closed/removed all connections.
DEBUG main org.apache.ibatis.datasource.pooled.PooledDataSource - PooledDataSource forcefully closed/removed all connections.
DEBUG main org.apache.ibatis.datasource.pooled.PooledDataSource - PooledDataSource forcefully closed/removed all connections.
DEBUG main org.apache.ibatis.transaction.jdbc.JdbcTransaction - Opening JDBC Connection
DEBUG main org.apache.ibatis.datasource.pooled.PooledDataSource - Created connection 1920907467.
DEBUG main org.apache.ibatis.transaction.jdbc.JdbcTransaction - Setting autocommit to false on JDBC Connection [com.mysql.cj.jdbc.ConnectionImpl@727eb8cb]
DEBUG main Mappers.ProductParameterMapper.deleteByPrimaryKey - ==>  Preparing: delete from product_parameter where produce_date = ? and furnace_num = ?
DEBUG main Mappers.ProductParameterMapper.deleteByPrimaryKey - ==> Parameters: 2020-03-05(Date), 02613579(String)
DEBUG main Mappers.ProductParameterMapper.deleteByPrimaryKey - <==    Updates: 0
DEBUG main org.apache.ibatis.transaction.jdbc.JdbcTransaction - Committing JDBC Connection [com.mysql.cj.jdbc.ConnectionImpl@727eb8cb]
DEBUG main org.apache.ibatis.transaction.jdbc.JdbcTransaction - Resetting autocommit to true on JDBC Connection [com.mysql.cj.jdbc.ConnectionImpl@727eb8cb]
DEBUG main org.apache.ibatis.transaction.jdbc.JdbcTransaction - Closing JDBC Connection [com.mysql.cj.jdbc.ConnectionImpl@727eb8cb]
DEBUG main org.apache.ibatis.datasource.pooled.PooledDataSource - Returned connection 1920907467 to pool.
DEBUG main org.apache.ibatis.logging.LogFactory - Logging initialized using 'class org.apache.ibatis.logging.slf4j.Slf4jImpl' adapter.
DEBUG main org.apache.ibatis.datasource.pooled.PooledDataSource - PooledDataSource forcefully closed/removed all connections.
DEBUG main org.apache.ibatis.datasource.pooled.PooledDataSource - PooledDataSource forcefully closed/removed all connections.
DEBUG main org.apache.ibatis.datasource.pooled.PooledDataSource - PooledDataSource forcefully closed/removed all connections.
DEBUG main org.apache.ibatis.datasource.pooled.PooledDataSource - PooledDataSource forcefully closed/removed all connections.
DEBUG main org.apache.ibatis.transaction.jdbc.JdbcTransaction - Opening JDBC Connection
DEBUG main org.apache.ibatis.datasource.pooled.PooledDataSource - Created connection 1920907467.
DEBUG main org.apache.ibatis.transaction.jdbc.JdbcTransaction - Setting autocommit to false on JDBC Connection [com.mysql.cj.jdbc.ConnectionImpl@727eb8cb]
DEBUG main Mappers.ProductParameterMapper.insert - ==>  Preparing: insert into product_parameter (produce_date, furnace_num, class_no, furnace_no, furnace_age, steel_name, oxygun1, oxygun2, oxymode, iron_c, iron_si, iron_mn, iron_p, iron_s, iron_temperature, outlet_age, iron_weight, resteel_weight1, resteel_weight2, steel_weight, pro_oxytime1, pro_oxyval, turn_num, turn_temperature1, pro_oxytime2, turn_temperature2, pro_nval, slag_time, slag_weight, turn_c, turn_s, turn_p, turn_mn, steel_dir, steel_fe, steel_remark ) values (?, ?, ?, ?, ?, ?, ?, ?, ?, ?, ?, ?, ?, ?, ?, ?, ?, ?, ?, ?, ?, ?, ?, ?, ?, ?, ?, ?, ?, ?, ?, ?, ?, ?, ?, ? )
DEBUG main Mappers.ProductParameterMapper.insert - ==> Parameters: 2020-03-05(Date), 02613579(String), 丙(String), 2(String), 11074(String), Q235B-Z(String), 116(Integer), 121(Integer), 20(Integer), 4.92999999999999971578290569595992565155029296875(BigDecimal), 0.4699999999999999733546474089962430298328399658203125(BigDecimal), 0.330000000000000015543122344752191565930843353271484375(BigDecimal), 0.13600000000000000976996261670137755572795867919921875(BigDecimal), 0.0259999999999999988065102485279567190445959568023681640625(BigDecimal), 1330(String), 251(Integer), 110.0499999999999971578290569595992565155029296875(BigDecimal), 19.949999999999999289457264239899814128875732421875(BigDecimal), 20.019999999999999573674358543939888477325439453125(BigDecimal), 127.56000000000000227373675443232059478759765625(BigDecimal), 0.5403000000000000024868995751603506505489349365234375(BigDecimal), 5663(Integer), 1(Integer), 1672(Integer), 0.1499999999999999944488848768742172978818416595458984375(BigDecimal), null, 1591(Integer), 0.1529999999999999971134201359745929948985576629638671875(BigDecimal), 20(Integer), 0.0899999999999999966693309261245303787291049957275390625(BigDecimal), 0.0899999999999999966693309261245303787291049957275390625(BigDecimal), 0.0899999999999999966693309261245303787291049957275390625(BigDecimal), 0.0899999999999999966693309261245303787291049957275390625(BigDecimal), 1(Integer), 5(Integer), good(String)
DEBUG main Mappers.ProductParameterMapper.insert - <==    Updates: 1
DEBUG main org.apache.ibatis.transaction.jdbc.JdbcTransaction - Committing JDBC Connection [com.mysql.cj.jdbc.ConnectionImpl@727eb8cb]
DEBUG main org.apache.ibatis.transaction.jdbc.JdbcTransaction - Resetting autocommit to true on JDBC Connection [com.mysql.cj.jdbc.ConnectionImpl@727eb8cb]
DEBUG main org.apache.ibatis.transaction.jdbc.JdbcTransaction - Closing JDBC Connection [com.mysql.cj.jdbc.ConnectionImpl@727eb8cb]
DEBUG main org.apache.ibatis.datasource.pooled.PooledDataSource - Returned connection 1920907467 to pool.
DEBUG main org.apache.ibatis.logging.LogFactory - Logging initialized using 'class org.apache.ibatis.logging.slf4j.Slf4jImpl' adapter.
DEBUG main org.apache.ibatis.datasource.pooled.PooledDataSource - PooledDataSource forcefully closed/removed all connections.
DEBUG main org.apache.ibatis.datasource.pooled.PooledDataSource - PooledDataSource forcefully closed/removed all connections.
DEBUG main org.apache.ibatis.datasource.pooled.PooledDataSource - PooledDataSource forcefully closed/removed all connections.
DEBUG main org.apache.ibatis.datasource.pooled.PooledDataSource - PooledDataSource forcefully closed/removed all connections.
DEBUG main org.apache.ibatis.transaction.jdbc.JdbcTransaction - Opening JDBC Connection
DEBUG main org.apache.ibatis.datasource.pooled.PooledDataSource - Created connection 965586344.
DEBUG main org.apache.ibatis.transaction.jdbc.JdbcTransaction - Setting autocommit to false on JDBC Connection [com.mysql.cj.jdbc.ConnectionImpl@398dada8]
DEBUG main Mappers.ProductParameterMapper.selectByPrimaryKey - ==>  Preparing: select produce_date, furnace_num, class_no, furnace_no, furnace_age, steel_name, oxygun1, oxygun2, oxymode, iron_c, iron_si, iron_mn, iron_p, iron_s, iron_temperature, outlet_age, iron_weight, resteel_weight1, resteel_weight2, steel_weight, pro_oxytime1, pro_oxyval, turn_num, turn_temperature1, pro_oxytime2, turn_temperature2, pro_nval, slag_time, slag_weight, turn_c, turn_s, turn_p, turn_mn, steel_dir, steel_fe, steel_remark from product_parameter where ? = ?
DEBUG main Mappers.ProductParameterMapper.selectByPrimaryKey - ==> Parameters: produceDate(String), 2020-01-05(String)
DEBUG main Mappers.ProductParameterMapper.selectByPrimaryKey - <==      Total: 0
DEBUG main org.apache.ibatis.transaction.jdbc.JdbcTransaction - Resetting autocommit to true on JDBC Connection [com.mysql.cj.jdbc.ConnectionImpl@398dada8]
DEBUG main org.apache.ibatis.transaction.jdbc.JdbcTransaction - Closing JDBC Connection [com.mysql.cj.jdbc.ConnectionImpl@398dada8]
DEBUG main org.apache.ibatis.datasource.pooled.PooledDataSource - Returned connection 965586344 to pool.
DEBUG main org.apache.ibatis.logging.LogFactory - Logging initialized using 'class org.apache.ibatis.logging.slf4j.Slf4jImpl' adapter.
DEBUG main org.apache.ibatis.datasource.pooled.PooledDataSource - PooledDataSource forcefully closed/removed all connections.
DEBUG main org.apache.ibatis.datasource.pooled.PooledDataSource - PooledDataSource forcefully closed/removed all connections.
DEBUG main org.apache.ibatis.datasource.pooled.PooledDataSource - PooledDataSource forcefully closed/removed all connections.
DEBUG main org.apache.ibatis.datasource.pooled.PooledDataSource - PooledDataSource forcefully closed/removed all connections.
DEBUG main org.apache.ibatis.transaction.jdbc.JdbcTransaction - Opening JDBC Connection
DEBUG main org.apache.ibatis.datasource.pooled.PooledDataSource - Created connection 1760670079.
DEBUG main org.apache.ibatis.transaction.jdbc.JdbcTransaction - Setting autocommit to false on JDBC Connection [com.mysql.cj.jdbc.ConnectionImpl@68f1b17f]
DEBUG main Mappers.ProductParameterMapper.selectAll - ==>  Preparing: select * from product_parameter
DEBUG main Mappers.ProductParameterMapper.selectAll - ==> Parameters: 
DEBUG main Mappers.ProductParameterMapper.selectAll - <==      Total: 1793
DEBUG main org.apache.ibatis.transaction.jdbc.JdbcTransaction - Resetting autocommit to true on JDBC Connection [com.mysql.cj.jdbc.ConnectionImpl@68f1b17f]
DEBUG main org.apache.ibatis.transaction.jdbc.JdbcTransaction - Closing JDBC Connection [com.mysql.cj.jdbc.ConnectionImpl@68f1b17f]
DEBUG main org.apache.ibatis.datasource.pooled.PooledDataSource - Returned connection 1760670079 to pool.
DEBUG main org.apache.ibatis.logging.LogFactory - Logging initialized using 'class org.apache.ibatis.logging.slf4j.Slf4jImpl' adapter.
DEBUG main org.apache.ibatis.datasource.pooled.PooledDataSource - PooledDataSource forcefully closed/removed all connections.
DEBUG main org.apache.ibatis.datasource.pooled.PooledDataSource - PooledDataSource forcefully closed/removed all connections.
DEBUG main org.apache.ibatis.datasource.pooled.PooledDataSource - PooledDataSource forcefully closed/removed all connections.
DEBUG main org.apache.ibatis.datasource.pooled.PooledDataSource - PooledDataSource forcefully closed/removed all connections.
DEBUG main org.apache.ibatis.transaction.jdbc.JdbcTransaction - Opening JDBC Connection
DEBUG main org.apache.ibatis.datasource.pooled.PooledDataSource - Created connection 965586344.
DEBUG main org.apache.ibatis.transaction.jdbc.JdbcTransaction - Setting autocommit to false on JDBC Connection [com.mysql.cj.jdbc.ConnectionImpl@398dada8]
DEBUG main Mappers.ProductParameterMapper.selectByPrimaryKey - ==>  Preparing: select produce_date, furnace_num, class_no, furnace_no, furnace_age, steel_name, oxygun1, oxygun2, oxymode, iron_c, iron_si, iron_mn, iron_p, iron_s, iron_temperature, outlet_age, iron_weight, resteel_weight1, resteel_weight2, steel_weight, pro_oxytime1, pro_oxyval, turn_num, turn_temperature1, pro_oxytime2, turn_temperature2, pro_nval, slag_time, slag_weight, turn_c, turn_s, turn_p, turn_mn, steel_dir, steel_fe, steel_remark from product_parameter where ? = ?
DEBUG main Mappers.ProductParameterMapper.selectByPrimaryKey - ==> Parameters: produceDate(String), 2020-11-06(String)
DEBUG main Mappers.ProductParameterMapper.selectByPrimaryKey - <==      Total: 0
DEBUG main org.apache.ibatis.transaction.jdbc.JdbcTransaction - Resetting autocommit to true on JDBC Connection [com.mysql.cj.jdbc.ConnectionImpl@398dada8]
DEBUG main org.apache.ibatis.transaction.jdbc.JdbcTransaction - Closing JDBC Connection [com.mysql.cj.jdbc.ConnectionImpl@398dada8]
DEBUG main org.apache.ibatis.datasource.pooled.PooledDataSource - Returned connection 965586344 to pool.
DEBUG main org.apache.ibatis.logging.LogFactory - Logging initialized using 'class org.apache.ibatis.logging.slf4j.Slf4jImpl' adapter.
DEBUG main org.apache.ibatis.datasource.pooled.PooledDataSource - PooledDataSource forcefully closed/removed all connections.
DEBUG main org.apache.ibatis.datasource.pooled.PooledDataSource - PooledDataSource forcefully closed/removed all connections.
DEBUG main org.apache.ibatis.datasource.pooled.PooledDataSource - PooledDataSource forcefully closed/removed all connections.
DEBUG main org.apache.ibatis.datasource.pooled.PooledDataSource - PooledDataSource forcefully closed/removed all connections.
DEBUG main org.apache.ibatis.transaction.jdbc.JdbcTransaction - Opening JDBC Connection
DEBUG main org.apache.ibatis.datasource.pooled.PooledDataSource - Created connection 409598930.
DEBUG main org.apache.ibatis.transaction.jdbc.JdbcTransaction - Setting autocommit to false on JDBC Connection [com.mysql.cj.jdbc.ConnectionImpl@1869fbd2]
DEBUG main Mappers.ProductParameterMapper.selectByPrimaryKey - ==>  Preparing: select produce_date, furnace_num, class_no, furnace_no, furnace_age, steel_name, oxygun1, oxygun2, oxymode, iron_c, iron_si, iron_mn, iron_p, iron_s, iron_temperature, outlet_age, iron_weight, resteel_weight1, resteel_weight2, steel_weight, pro_oxytime1, pro_oxyval, turn_num, turn_temperature1, pro_oxytime2, turn_temperature2, pro_nval, slag_time, slag_weight, turn_c, turn_s, turn_p, turn_mn, steel_dir, steel_fe, steel_remark from product_parameter where ? = ?
DEBUG main Mappers.ProductParameterMapper.selectByPrimaryKey - ==> Parameters: produceDate(String), 2020-11-06(String)
DEBUG main Mappers.ProductParameterMapper.selectByPrimaryKey - <==      Total: 0
DEBUG main org.apache.ibatis.logging.LogFactory - Logging initialized using 'class org.apache.ibatis.logging.slf4j.Slf4jImpl' adapter.
DEBUG main org.apache.ibatis.datasource.pooled.PooledDataSource - PooledDataSource forcefully closed/removed all connections.
DEBUG main org.apache.ibatis.datasource.pooled.PooledDataSource - PooledDataSource forcefully closed/removed all connections.
DEBUG main org.apache.ibatis.datasource.pooled.PooledDataSource - PooledDataSource forcefully closed/removed all connections.
DEBUG main org.apache.ibatis.datasource.pooled.PooledDataSource - PooledDataSource forcefully closed/removed all connections.
DEBUG main org.apache.ibatis.transaction.jdbc.JdbcTransaction - Opening JDBC Connection
DEBUG main org.apache.ibatis.datasource.pooled.PooledDataSource - Created connection 332699949.
DEBUG main org.apache.ibatis.transaction.jdbc.JdbcTransaction - Setting autocommit to false on JDBC Connection [com.mysql.cj.jdbc.ConnectionImpl@13d4992d]
DEBUG main Mappers.ProductParameterMapper.selectByTime - ==>  Preparing: select produce_date, furnace_num, class_no, furnace_no, furnace_age, steel_name, oxygun1, oxygun2, oxymode, iron_c, iron_si, iron_mn, iron_p, iron_s, iron_temperature, outlet_age, iron_weight, resteel_weight1, resteel_weight2, steel_weight, pro_oxytime1, pro_oxyval, turn_num, turn_temperature1, pro_oxytime2, turn_temperature2, pro_nval, slag_time, slag_weight, turn_c, turn_s, turn_p, turn_mn, steel_dir, steel_fe, steel_remark from product_parameter where produce_date in (select produce_date from product_parameter where product_date between ? and ?)
DEBUG main Mappers.ProductParameterMapper.selectByTime - ==> Parameters: 2020-01-01 00:00:00.0(Timestamp), 2020-03-05 00:00:00.0(Timestamp)
DEBUG main org.apache.ibatis.logging.LogFactory - Logging initialized using 'class org.apache.ibatis.logging.slf4j.Slf4jImpl' adapter.
DEBUG main org.apache.ibatis.datasource.pooled.PooledDataSource - PooledDataSource forcefully closed/removed all connections.
DEBUG main org.apache.ibatis.datasource.pooled.PooledDataSource - PooledDataSource forcefully closed/removed all connections.
DEBUG main org.apache.ibatis.datasource.pooled.PooledDataSource - PooledDataSource forcefully closed/removed all connections.
DEBUG main org.apache.ibatis.datasource.pooled.PooledDataSource - PooledDataSource forcefully closed/removed all connections.
DEBUG main org.apache.ibatis.transaction.jdbc.JdbcTransaction - Opening JDBC Connection
DEBUG main org.apache.ibatis.datasource.pooled.PooledDataSource - Created connection 332699949.
DEBUG main org.apache.ibatis.transaction.jdbc.JdbcTransaction - Setting autocommit to false on JDBC Connection [com.mysql.cj.jdbc.ConnectionImpl@13d4992d]
DEBUG main Mappers.ProductParameterMapper.selectByTime - ==>  Preparing: select produce_date, furnace_num, class_no, furnace_no, furnace_age, steel_name, oxygun1, oxygun2, oxymode, iron_c, iron_si, iron_mn, iron_p, iron_s, iron_temperature, outlet_age, iron_weight, resteel_weight1, resteel_weight2, steel_weight, pro_oxytime1, pro_oxyval, turn_num, turn_temperature1, pro_oxytime2, turn_temperature2, pro_nval, slag_time, slag_weight, turn_c, turn_s, turn_p, turn_mn, steel_dir, steel_fe, steel_remark from product_parameter where produce_date in (select produce_date from product_parameter where produce_date between ? and ?)
DEBUG main Mappers.ProductParameterMapper.selectByTime - ==> Parameters: 2020-01-01 00:00:00.0(Timestamp), 2020-03-05 00:00:00.0(Timestamp)
DEBUG main Mappers.ProductParameterMapper.selectByTime - <==      Total: 860
DEBUG main org.apache.ibatis.transaction.jdbc.JdbcTransaction - Resetting autocommit to true on JDBC Connection [com.mysql.cj.jdbc.ConnectionImpl@13d4992d]
DEBUG main org.apache.ibatis.transaction.jdbc.JdbcTransaction - Closing JDBC Connection [com.mysql.cj.jdbc.ConnectionImpl@13d4992d]
DEBUG main org.apache.ibatis.datasource.pooled.PooledDataSource - Returned connection 332699949 to pool.
DEBUG main org.apache.ibatis.logging.LogFactory - Logging initialized using 'class org.apache.ibatis.logging.slf4j.Slf4jImpl' adapter.
DEBUG main org.apache.ibatis.datasource.pooled.PooledDataSource - PooledDataSource forcefully closed/removed all connections.
DEBUG main org.apache.ibatis.datasource.pooled.PooledDataSource - PooledDataSource forcefully closed/removed all connections.
DEBUG main org.apache.ibatis.datasource.pooled.PooledDataSource - PooledDataSource forcefully closed/removed all connections.
DEBUG main org.apache.ibatis.datasource.pooled.PooledDataSource - PooledDataSource forcefully closed/removed all connections.
DEBUG main org.apache.ibatis.transaction.jdbc.JdbcTransaction - Opening JDBC Connection
DEBUG main org.apache.ibatis.datasource.pooled.PooledDataSource - Created connection 660339123.
DEBUG main org.apache.ibatis.transaction.jdbc.JdbcTransaction - Setting autocommit to false on JDBC Connection [com.mysql.cj.jdbc.ConnectionImpl@275bf9b3]
DEBUG main Mappers.ProductParameterMapper.selectByStellName - ==>  Preparing: select produce_date, furnace_num, class_no, furnace_no, furnace_age, steel_name, oxygun1, oxygun2, oxymode, iron_c, iron_si, iron_mn, iron_p, iron_s, iron_temperature, outlet_age, iron_weight, resteel_weight1, resteel_weight2, steel_weight, pro_oxytime1, pro_oxyval, turn_num, turn_temperature1, pro_oxytime2, turn_temperature2, pro_nval, slag_time, slag_weight, turn_c, turn_s, turn_p, turn_mn, steel_dir, steel_fe, steel_remark from product_parameter where steel_name=?
DEBUG main Mappers.ProductParameterMapper.selectByStellName - ==> Parameters: Q195-Y(String)
DEBUG main Mappers.ProductParameterMapper.selectByStellName - <==      Total: 250
DEBUG main org.apache.ibatis.transaction.jdbc.JdbcTransaction - Resetting autocommit to true on JDBC Connection [com.mysql.cj.jdbc.ConnectionImpl@275bf9b3]
DEBUG main org.apache.ibatis.transaction.jdbc.JdbcTransaction - Closing JDBC Connection [com.mysql.cj.jdbc.ConnectionImpl@275bf9b3]
DEBUG main org.apache.ibatis.datasource.pooled.PooledDataSource - Returned connection 660339123 to pool.
DEBUG main org.apache.ibatis.logging.LogFactory - Logging initialized using 'class org.apache.ibatis.logging.slf4j.Slf4jImpl' adapter.
DEBUG main org.apache.ibatis.datasource.pooled.PooledDataSource - PooledDataSource forcefully closed/removed all connections.
DEBUG main org.apache.ibatis.datasource.pooled.PooledDataSource - PooledDataSource forcefully closed/removed all connections.
DEBUG main org.apache.ibatis.datasource.pooled.PooledDataSource - PooledDataSource forcefully closed/removed all connections.
DEBUG main org.apache.ibatis.datasource.pooled.PooledDataSource - PooledDataSource forcefully closed/removed all connections.
DEBUG main org.apache.ibatis.transaction.jdbc.JdbcTransaction - Opening JDBC Connection
DEBUG main org.apache.ibatis.datasource.pooled.PooledDataSource - Created connection 660339123.
DEBUG main org.apache.ibatis.transaction.jdbc.JdbcTransaction - Setting autocommit to false on JDBC Connection [com.mysql.cj.jdbc.ConnectionImpl@275bf9b3]
DEBUG main Mappers.ProductParameterMapper.selectByStellName - ==>  Preparing: select produce_date, furnace_num, class_no, furnace_no, furnace_age, steel_name, oxygun1, oxygun2, oxymode, iron_c, iron_si, iron_mn, iron_p, iron_s, iron_temperature, outlet_age, iron_weight, resteel_weight1, resteel_weight2, steel_weight, pro_oxytime1, pro_oxyval, turn_num, turn_temperature1, pro_oxytime2, turn_temperature2, pro_nval, slag_time, slag_weight, turn_c, turn_s, turn_p, turn_mn, steel_dir, steel_fe, steel_remark from product_parameter where steel_name=?
DEBUG main Mappers.ProductParameterMapper.selectByStellName - ==> Parameters: Q195-Y(String)
DEBUG main Mappers.ProductParameterMapper.selectByStellName - <==      Total: 250
DEBUG main org.apache.ibatis.transaction.jdbc.JdbcTransaction - Resetting autocommit to true on JDBC Connection [com.mysql.cj.jdbc.ConnectionImpl@275bf9b3]
DEBUG main org.apache.ibatis.transaction.jdbc.JdbcTransaction - Closing JDBC Connection [com.mysql.cj.jdbc.ConnectionImpl@275bf9b3]
DEBUG main org.apache.ibatis.datasource.pooled.PooledDataSource - Returned connection 660339123 to pool.
DEBUG main org.apache.ibatis.logging.LogFactory - Logging initialized using 'class org.apache.ibatis.logging.slf4j.Slf4jImpl' adapter.
DEBUG main org.apache.ibatis.datasource.pooled.PooledDataSource - PooledDataSource forcefully closed/removed all connections.
DEBUG main org.apache.ibatis.datasource.pooled.PooledDataSource - PooledDataSource forcefully closed/removed all connections.
DEBUG main org.apache.ibatis.datasource.pooled.PooledDataSource - PooledDataSource forcefully closed/removed all connections.
DEBUG main org.apache.ibatis.datasource.pooled.PooledDataSource - PooledDataSource forcefully closed/removed all connections.
DEBUG main org.apache.ibatis.transaction.jdbc.JdbcTransaction - Opening JDBC Connection
DEBUG main org.apache.ibatis.datasource.pooled.PooledDataSource - Created connection 332699949.
DEBUG main org.apache.ibatis.transaction.jdbc.JdbcTransaction - Setting autocommit to false on JDBC Connection [com.mysql.cj.jdbc.ConnectionImpl@13d4992d]
DEBUG main Mappers.ProductParameterMapper.selectByTime - ==>  Preparing: select produce_date, furnace_num, class_no, furnace_no, furnace_age, steel_name, oxygun1, oxygun2, oxymode, iron_c, iron_si, iron_mn, iron_p, iron_s, iron_temperature, outlet_age, iron_weight, resteel_weight1, resteel_weight2, steel_weight, pro_oxytime1, pro_oxyval, turn_num, turn_temperature1, pro_oxytime2, turn_temperature2, pro_nval, slag_time, slag_weight, turn_c, turn_s, turn_p, turn_mn, steel_dir, steel_fe, steel_remark from product_parameter where produceDate in (select produceDate from product_parameter where produceDate between ? and ?)
DEBUG main Mappers.ProductParameterMapper.selectByTime - ==> Parameters: 2020-01-01 00:00:00.0(Timestamp), 2020-03-05 00:00:00.0(Timestamp)
DEBUG main org.apache.ibatis.transaction.jdbc.JdbcTransaction - Resetting autocommit to true on JDBC Connection [com.mysql.cj.jdbc.ConnectionImpl@13d4992d]
DEBUG main org.apache.ibatis.transaction.jdbc.JdbcTransaction - Closing JDBC Connection [com.mysql.cj.jdbc.ConnectionImpl@13d4992d]
DEBUG main org.apache.ibatis.datasource.pooled.PooledDataSource - Returned connection 332699949 to pool.
DEBUG main org.apache.ibatis.logging.LogFactory - Logging initialized using 'class org.apache.ibatis.logging.slf4j.Slf4jImpl' adapter.
DEBUG main org.apache.ibatis.datasource.pooled.PooledDataSource - PooledDataSource forcefully closed/removed all connections.
DEBUG main org.apache.ibatis.datasource.pooled.PooledDataSource - PooledDataSource forcefully closed/removed all connections.
DEBUG main org.apache.ibatis.datasource.pooled.PooledDataSource - PooledDataSource forcefully closed/removed all connections.
DEBUG main org.apache.ibatis.datasource.pooled.PooledDataSource - PooledDataSource forcefully closed/removed all connections.
DEBUG main org.apache.ibatis.transaction.jdbc.JdbcTransaction - Opening JDBC Connection
DEBUG main org.apache.ibatis.datasource.pooled.PooledDataSource - Created connection 332699949.
DEBUG main org.apache.ibatis.transaction.jdbc.JdbcTransaction - Setting autocommit to false on JDBC Connection [com.mysql.cj.jdbc.ConnectionImpl@13d4992d]
DEBUG main Mappers.ProductParameterMapper.selectByTime - ==>  Preparing: select produce_date, furnace_num, class_no, furnace_no, furnace_age, steel_name, oxygun1, oxygun2, oxymode, iron_c, iron_si, iron_mn, iron_p, iron_s, iron_temperature, outlet_age, iron_weight, resteel_weight1, resteel_weight2, steel_weight, pro_oxytime1, pro_oxyval, turn_num, turn_temperature1, pro_oxytime2, turn_temperature2, pro_nval, slag_time, slag_weight, turn_c, turn_s, turn_p, turn_mn, steel_dir, steel_fe, steel_remark from product_parameter where produce_date in (select produce_date from product_parameter where produce_date between ? and ?)
DEBUG main Mappers.ProductParameterMapper.selectByTime - ==> Parameters: 2020-01-01 00:00:00.0(Timestamp), 2020-03-05 00:00:00.0(Timestamp)
DEBUG main Mappers.ProductParameterMapper.selectByTime - <==      Total: 860
DEBUG main org.apache.ibatis.transaction.jdbc.JdbcTransaction - Resetting autocommit to true on JDBC Connection [com.mysql.cj.jdbc.ConnectionImpl@13d4992d]
DEBUG main org.apache.ibatis.transaction.jdbc.JdbcTransaction - Closing JDBC Connection [com.mysql.cj.jdbc.ConnectionImpl@13d4992d]
DEBUG main org.apache.ibatis.datasource.pooled.PooledDataSource - Returned connection 332699949 to pool.
DEBUG main org.apache.ibatis.logging.LogFactory - Logging initialized using 'class org.apache.ibatis.logging.slf4j.Slf4jImpl' adapter.
DEBUG main org.apache.ibatis.datasource.pooled.PooledDataSource - PooledDataSource forcefully closed/removed all connections.
DEBUG main org.apache.ibatis.datasource.pooled.PooledDataSource - PooledDataSource forcefully closed/removed all connections.
DEBUG main org.apache.ibatis.datasource.pooled.PooledDataSource - PooledDataSource forcefully closed/removed all connections.
DEBUG main org.apache.ibatis.datasource.pooled.PooledDataSource - PooledDataSource forcefully closed/removed all connections.
DEBUG main org.apache.ibatis.transaction.jdbc.JdbcTransaction - Opening JDBC Connection
DEBUG main org.apache.ibatis.logging.LogFactory - Logging initialized using 'class org.apache.ibatis.logging.slf4j.Slf4jImpl' adapter.
DEBUG main org.apache.ibatis.datasource.pooled.PooledDataSource - PooledDataSource forcefully closed/removed all connections.
DEBUG main org.apache.ibatis.datasource.pooled.PooledDataSource - PooledDataSource forcefully closed/removed all connections.
DEBUG main org.apache.ibatis.datasource.pooled.PooledDataSource - PooledDataSource forcefully closed/removed all connections.
DEBUG main org.apache.ibatis.datasource.pooled.PooledDataSource - PooledDataSource forcefully closed/removed all connections.
DEBUG main org.apache.ibatis.transaction.jdbc.JdbcTransaction - Opening JDBC Connection
DEBUG main org.apache.ibatis.logging.LogFactory - Logging initialized using 'class org.apache.ibatis.logging.slf4j.Slf4jImpl' adapter.
DEBUG main org.apache.ibatis.datasource.pooled.PooledDataSource - PooledDataSource forcefully closed/removed all connections.
DEBUG main org.apache.ibatis.datasource.pooled.PooledDataSource - PooledDataSource forcefully closed/removed all connections.
DEBUG main org.apache.ibatis.datasource.pooled.PooledDataSource - PooledDataSource forcefully closed/removed all connections.
DEBUG main org.apache.ibatis.datasource.pooled.PooledDataSource - PooledDataSource forcefully closed/removed all connections.
DEBUG main org.apache.ibatis.transaction.jdbc.JdbcTransaction - Opening JDBC Connection
DEBUG main org.apache.ibatis.datasource.pooled.PooledDataSource - Created connection 332699949.
DEBUG main org.apache.ibatis.transaction.jdbc.JdbcTransaction - Setting autocommit to false on JDBC Connection [com.mysql.cj.jdbc.ConnectionImpl@13d4992d]
DEBUG main Mappers.ProductParameterMapper.selectByTime - ==>  Preparing: select produce_date, furnace_num, class_no, furnace_no, furnace_age, steel_name, oxygun1, oxygun2, oxymode, iron_c, iron_si, iron_mn, iron_p, iron_s, iron_temperature, outlet_age, iron_weight, resteel_weight1, resteel_weight2, steel_weight, pro_oxytime1, pro_oxyval, turn_num, turn_temperature1, pro_oxytime2, turn_temperature2, pro_nval, slag_time, slag_weight, turn_c, turn_s, turn_p, turn_mn, steel_dir, steel_fe, steel_remark from product_parameter where produce_date in (select produce_date from product_parameter where produce_date between ? and ?)
DEBUG main Mappers.ProductParameterMapper.selectByTime - ==> Parameters: 2020-01-01 00:00:00.0(Timestamp), 2020-03-05 00:00:00.0(Timestamp)
DEBUG main Mappers.ProductParameterMapper.selectByTime - <==      Total: 860
DEBUG main org.apache.ibatis.transaction.jdbc.JdbcTransaction - Resetting autocommit to true on JDBC Connection [com.mysql.cj.jdbc.ConnectionImpl@13d4992d]
DEBUG main org.apache.ibatis.transaction.jdbc.JdbcTransaction - Closing JDBC Connection [com.mysql.cj.jdbc.ConnectionImpl@13d4992d]
DEBUG main org.apache.ibatis.datasource.pooled.PooledDataSource - Returned connection 332699949 to pool.
DEBUG main org.apache.ibatis.logging.LogFactory - Logging initialized using 'class org.apache.ibatis.logging.slf4j.Slf4jImpl' adapter.
DEBUG main org.apache.ibatis.datasource.pooled.PooledDataSource - PooledDataSource forcefully closed/removed all connections.
DEBUG main org.apache.ibatis.datasource.pooled.PooledDataSource - PooledDataSource forcefully closed/removed all connections.
DEBUG main org.apache.ibatis.datasource.pooled.PooledDataSource - PooledDataSource forcefully closed/removed all connections.
DEBUG main org.apache.ibatis.datasource.pooled.PooledDataSource - PooledDataSource forcefully closed/removed all connections.
DEBUG main org.apache.ibatis.transaction.jdbc.JdbcTransaction - Opening JDBC Connection
DEBUG main org.apache.ibatis.datasource.pooled.PooledDataSource - Created connection 332699949.
DEBUG main org.apache.ibatis.transaction.jdbc.JdbcTransaction - Setting autocommit to false on JDBC Connection [com.mysql.cj.jdbc.ConnectionImpl@13d4992d]
DEBUG main Mappers.ProductParameterMapper.selectByTime - ==>  Preparing: select produce_date, furnace_num, class_no, furnace_no, furnace_age, steel_name, oxygun1, oxygun2, oxymode, iron_c, iron_si, iron_mn, iron_p, iron_s, iron_temperature, outlet_age, iron_weight, resteel_weight1, resteel_weight2, steel_weight, pro_oxytime1, pro_oxyval, turn_num, turn_temperature1, pro_oxytime2, turn_temperature2, pro_nval, slag_time, slag_weight, turn_c, turn_s, turn_p, turn_mn, steel_dir, steel_fe, steel_remark from product_parameter where produce_date in (select produce_date from product_parameter where produce_date between ? and ?)
DEBUG main Mappers.ProductParameterMapper.selectByTime - ==> Parameters: 2020-01-01 00:00:00.0(Timestamp), 2020-03-05 00:00:00.0(Timestamp)
DEBUG main Mappers.ProductParameterMapper.selectByTime - <==      Total: 860
DEBUG main org.apache.ibatis.transaction.jdbc.JdbcTransaction - Resetting autocommit to true on JDBC Connection [com.mysql.cj.jdbc.ConnectionImpl@13d4992d]
DEBUG main org.apache.ibatis.transaction.jdbc.JdbcTransaction - Closing JDBC Connection [com.mysql.cj.jdbc.ConnectionImpl@13d4992d]
DEBUG main org.apache.ibatis.datasource.pooled.PooledDataSource - Returned connection 332699949 to pool.
DEBUG main org.apache.ibatis.logging.LogFactory - Logging initialized using 'class org.apache.ibatis.logging.slf4j.Slf4jImpl' adapter.
DEBUG main org.apache.ibatis.datasource.pooled.PooledDataSource - PooledDataSource forcefully closed/removed all connections.
DEBUG main org.apache.ibatis.datasource.pooled.PooledDataSource - PooledDataSource forcefully closed/removed all connections.
DEBUG main org.apache.ibatis.datasource.pooled.PooledDataSource - PooledDataSource forcefully closed/removed all connections.
DEBUG main org.apache.ibatis.datasource.pooled.PooledDataSource - PooledDataSource forcefully closed/removed all connections.
DEBUG main org.apache.ibatis.logging.LogFactory - Logging initialized using 'class org.apache.ibatis.logging.slf4j.Slf4jImpl' adapter.
DEBUG main org.apache.ibatis.datasource.pooled.PooledDataSource - PooledDataSource forcefully closed/removed all connections.
DEBUG main org.apache.ibatis.datasource.pooled.PooledDataSource - PooledDataSource forcefully closed/removed all connections.
DEBUG main org.apache.ibatis.datasource.pooled.PooledDataSource - PooledDataSource forcefully closed/removed all connections.
DEBUG main org.apache.ibatis.datasource.pooled.PooledDataSource - PooledDataSource forcefully closed/removed all connections.
DEBUG main org.apache.ibatis.logging.LogFactory - Logging initialized using 'class org.apache.ibatis.logging.slf4j.Slf4jImpl' adapter.
DEBUG main org.apache.ibatis.datasource.pooled.PooledDataSource - PooledDataSource forcefully closed/removed all connections.
DEBUG main org.apache.ibatis.datasource.pooled.PooledDataSource - PooledDataSource forcefully closed/removed all connections.
DEBUG main org.apache.ibatis.datasource.pooled.PooledDataSource - PooledDataSource forcefully closed/removed all connections.
DEBUG main org.apache.ibatis.datasource.pooled.PooledDataSource - PooledDataSource forcefully closed/removed all connections.
DEBUG main org.apache.ibatis.logging.LogFactory - Logging initialized using 'class org.apache.ibatis.logging.slf4j.Slf4jImpl' adapter.
DEBUG main org.apache.ibatis.datasource.pooled.PooledDataSource - PooledDataSource forcefully closed/removed all connections.
DEBUG main org.apache.ibatis.datasource.pooled.PooledDataSource - PooledDataSource forcefully closed/removed all connections.
DEBUG main org.apache.ibatis.datasource.pooled.PooledDataSource - PooledDataSource forcefully closed/removed all connections.
DEBUG main org.apache.ibatis.datasource.pooled.PooledDataSource - PooledDataSource forcefully closed/removed all connections.
DEBUG main org.apache.ibatis.logging.LogFactory - Logging initialized using 'class org.apache.ibatis.logging.slf4j.Slf4jImpl' adapter.
DEBUG main org.apache.ibatis.datasource.pooled.PooledDataSource - PooledDataSource forcefully closed/removed all connections.
DEBUG main org.apache.ibatis.datasource.pooled.PooledDataSource - PooledDataSource forcefully closed/removed all connections.
DEBUG main org.apache.ibatis.datasource.pooled.PooledDataSource - PooledDataSource forcefully closed/removed all connections.
DEBUG main org.apache.ibatis.datasource.pooled.PooledDataSource - PooledDataSource forcefully closed/removed all connections.
DEBUG main org.apache.ibatis.logging.LogFactory - Logging initialized using 'class org.apache.ibatis.logging.slf4j.Slf4jImpl' adapter.
DEBUG main org.apache.ibatis.datasource.pooled.PooledDataSource - PooledDataSource forcefully closed/removed all connections.
DEBUG main org.apache.ibatis.datasource.pooled.PooledDataSource - PooledDataSource forcefully closed/removed all connections.
DEBUG main org.apache.ibatis.datasource.pooled.PooledDataSource - PooledDataSource forcefully closed/removed all connections.
DEBUG main org.apache.ibatis.datasource.pooled.PooledDataSource - PooledDataSource forcefully closed/removed all connections.
DEBUG main org.apache.ibatis.logging.LogFactory - Logging initialized using 'class org.apache.ibatis.logging.slf4j.Slf4jImpl' adapter.
DEBUG main org.apache.ibatis.datasource.pooled.PooledDataSource - PooledDataSource forcefully closed/removed all connections.
DEBUG main org.apache.ibatis.datasource.pooled.PooledDataSource - PooledDataSource forcefully closed/removed all connections.
DEBUG main org.apache.ibatis.datasource.pooled.PooledDataSource - PooledDataSource forcefully closed/removed all connections.
DEBUG main org.apache.ibatis.datasource.pooled.PooledDataSource - PooledDataSource forcefully closed/removed all connections.
DEBUG main org.apache.ibatis.transaction.jdbc.JdbcTransaction - Opening JDBC Connection
DEBUG main org.apache.ibatis.datasource.pooled.PooledDataSource - Created connection 473153915.
DEBUG main org.apache.ibatis.transaction.jdbc.JdbcTransaction - Setting autocommit to false on JDBC Connection [com.mysql.cj.jdbc.ConnectionImpl@1c33c17b]
DEBUG main Mappers.ProductParameterMapper.selectByTime - ==>  Preparing: select produce_date, furnace_num, class_no, furnace_no, furnace_age, steel_name, oxygun1, oxygun2, oxymode, iron_c, iron_si, iron_mn, iron_p, iron_s, iron_temperature, outlet_age, iron_weight, resteel_weight1, resteel_weight2, steel_weight, pro_oxytime1, pro_oxyval, turn_num, turn_temperature1, pro_oxytime2, turn_temperature2, pro_nval, slag_time, slag_weight, turn_c, turn_s, turn_p, turn_mn, steel_dir, steel_fe, steel_remark from product_parameter where produce_date in (select produce_date from product_parameter where produce_date between ? and ?)
DEBUG main Mappers.ProductParameterMapper.selectByTime - ==> Parameters: 2020-01-01 00:00:00.0(Timestamp), 2020-03-05 00:00:00.0(Timestamp)
DEBUG main Mappers.ProductParameterMapper.selectByTime - <==      Total: 860
DEBUG main org.apache.ibatis.transaction.jdbc.JdbcTransaction - Resetting autocommit to true on JDBC Connection [com.mysql.cj.jdbc.ConnectionImpl@1c33c17b]
DEBUG main org.apache.ibatis.transaction.jdbc.JdbcTransaction - Closing JDBC Connection [com.mysql.cj.jdbc.ConnectionImpl@1c33c17b]
DEBUG main org.apache.ibatis.datasource.pooled.PooledDataSource - Returned connection 473153915 to pool.
DEBUG main org.apache.ibatis.logging.LogFactory - Logging initialized using 'class org.apache.ibatis.logging.slf4j.Slf4jImpl' adapter.
DEBUG main org.apache.ibatis.datasource.pooled.PooledDataSource - PooledDataSource forcefully closed/removed all connections.
DEBUG main org.apache.ibatis.datasource.pooled.PooledDataSource - PooledDataSource forcefully closed/removed all connections.
DEBUG main org.apache.ibatis.datasource.pooled.PooledDataSource - PooledDataSource forcefully closed/removed all connections.
DEBUG main org.apache.ibatis.datasource.pooled.PooledDataSource - PooledDataSource forcefully closed/removed all connections.
DEBUG main org.apache.ibatis.transaction.jdbc.JdbcTransaction - Opening JDBC Connection
DEBUG main org.apache.ibatis.datasource.pooled.PooledDataSource - Created connection 332699949.
DEBUG main org.apache.ibatis.transaction.jdbc.JdbcTransaction - Setting autocommit to false on JDBC Connection [com.mysql.cj.jdbc.ConnectionImpl@13d4992d]
DEBUG main Mappers.ProductParameterMapper.selectByTime - ==>  Preparing: select produce_date, furnace_num, class_no, furnace_no, furnace_age, steel_name, oxygun1, oxygun2, oxymode, iron_c, iron_si, iron_mn, iron_p, iron_s, iron_temperature, outlet_age, iron_weight, resteel_weight1, resteel_weight2, steel_weight, pro_oxytime1, pro_oxyval, turn_num, turn_temperature1, pro_oxytime2, turn_temperature2, pro_nval, slag_time, slag_weight, turn_c, turn_s, turn_p, turn_mn, steel_dir, steel_fe, steel_remark from product_parameter where produce_date in (select produce_date from product_parameter where produce_date between ? and ?)
DEBUG main Mappers.ProductParameterMapper.selectByTime - ==> Parameters: 2020-01-01 00:00:00.0(Timestamp), 2020-03-05 00:00:00.0(Timestamp)
DEBUG main Mappers.ProductParameterMapper.selectByTime - <==      Total: 860
DEBUG main org.apache.ibatis.transaction.jdbc.JdbcTransaction - Resetting autocommit to true on JDBC Connection [com.mysql.cj.jdbc.ConnectionImpl@13d4992d]
DEBUG main org.apache.ibatis.transaction.jdbc.JdbcTransaction - Closing JDBC Connection [com.mysql.cj.jdbc.ConnectionImpl@13d4992d]
DEBUG main org.apache.ibatis.datasource.pooled.PooledDataSource - Returned connection 332699949 to pool.
DEBUG main org.apache.ibatis.logging.LogFactory - Logging initialized using 'class org.apache.ibatis.logging.slf4j.Slf4jImpl' adapter.
DEBUG main org.apache.ibatis.datasource.pooled.PooledDataSource - PooledDataSource forcefully closed/removed all connections.
DEBUG main org.apache.ibatis.datasource.pooled.PooledDataSource - PooledDataSource forcefully closed/removed all connections.
DEBUG main org.apache.ibatis.datasource.pooled.PooledDataSource - PooledDataSource forcefully closed/removed all connections.
DEBUG main org.apache.ibatis.datasource.pooled.PooledDataSource - PooledDataSource forcefully closed/removed all connections.
DEBUG main org.apache.ibatis.transaction.jdbc.JdbcTransaction - Opening JDBC Connection
DEBUG main org.apache.ibatis.datasource.pooled.PooledDataSource - Created connection 332699949.
DEBUG main org.apache.ibatis.transaction.jdbc.JdbcTransaction - Setting autocommit to false on JDBC Connection [com.mysql.cj.jdbc.ConnectionImpl@13d4992d]
DEBUG main Mappers.ProductParameterMapper.selectByTime - ==>  Preparing: select produce_date, furnace_num, class_no, furnace_no, furnace_age, steel_name, oxygun1, oxygun2, oxymode, iron_c, iron_si, iron_mn, iron_p, iron_s, iron_temperature, outlet_age, iron_weight, resteel_weight1, resteel_weight2, steel_weight, pro_oxytime1, pro_oxyval, turn_num, turn_temperature1, pro_oxytime2, turn_temperature2, pro_nval, slag_time, slag_weight, turn_c, turn_s, turn_p, turn_mn, steel_dir, steel_fe, steel_remark from product_parameter where produce_date in (select produce_date from product_parameter where produce_date between ? and ?)
DEBUG main Mappers.ProductParameterMapper.selectByTime - ==> Parameters: 2020-01-01 00:00:00.0(Timestamp), 2020-03-05 00:00:00.0(Timestamp)
DEBUG main Mappers.ProductParameterMapper.selectByTime - <==      Total: 860
DEBUG main org.apache.ibatis.transaction.jdbc.JdbcTransaction - Resetting autocommit to true on JDBC Connection [com.mysql.cj.jdbc.ConnectionImpl@13d4992d]
DEBUG main org.apache.ibatis.transaction.jdbc.JdbcTransaction - Closing JDBC Connection [com.mysql.cj.jdbc.ConnectionImpl@13d4992d]
DEBUG main org.apache.ibatis.datasource.pooled.PooledDataSource - Returned connection 332699949 to pool.
DEBUG main org.apache.ibatis.logging.LogFactory - Logging initialized using 'class org.apache.ibatis.logging.slf4j.Slf4jImpl' adapter.
DEBUG main org.apache.ibatis.datasource.pooled.PooledDataSource - PooledDataSource forcefully closed/removed all connections.
DEBUG main org.apache.ibatis.datasource.pooled.PooledDataSource - PooledDataSource forcefully closed/removed all connections.
DEBUG main org.apache.ibatis.datasource.pooled.PooledDataSource - PooledDataSource forcefully closed/removed all connections.
DEBUG main org.apache.ibatis.datasource.pooled.PooledDataSource - PooledDataSource forcefully closed/removed all connections.
DEBUG main org.apache.ibatis.transaction.jdbc.JdbcTransaction - Opening JDBC Connection
DEBUG main org.apache.ibatis.datasource.pooled.PooledDataSource - Created connection 1932332324.
DEBUG main org.apache.ibatis.transaction.jdbc.JdbcTransaction - Setting autocommit to false on JDBC Connection [com.mysql.cj.jdbc.ConnectionImpl@732d0d24]
DEBUG main Mappers.ProductParameterMapper.selectByTime - ==>  Preparing: select produce_date, furnace_num, class_no, furnace_no, furnace_age, steel_name, oxygun1, oxygun2, oxymode, iron_c, iron_si, iron_mn, iron_p, iron_s, iron_temperature, outlet_age, iron_weight, resteel_weight1, resteel_weight2, steel_weight, pro_oxytime1, pro_oxyval, turn_num, turn_temperature1, pro_oxytime2, turn_temperature2, pro_nval, slag_time, slag_weight, turn_c, turn_s, turn_p, turn_mn, steel_dir, steel_fe, steel_remark from product_parameter where produce_date in (select produce_date from product_parameter where produce_date between ? and ?)
DEBUG main Mappers.ProductParameterMapper.selectByTime - ==> Parameters: 2020-01-01 00:00:00.0(Timestamp), 2020-03-05 00:00:00.0(Timestamp)
DEBUG main Mappers.ProductParameterMapper.selectByTime - <==      Total: 860
DEBUG main org.apache.ibatis.transaction.jdbc.JdbcTransaction - Resetting autocommit to true on JDBC Connection [com.mysql.cj.jdbc.ConnectionImpl@732d0d24]
DEBUG main org.apache.ibatis.transaction.jdbc.JdbcTransaction - Closing JDBC Connection [com.mysql.cj.jdbc.ConnectionImpl@732d0d24]
DEBUG main org.apache.ibatis.datasource.pooled.PooledDataSource - Returned connection 1932332324 to pool.
DEBUG main org.apache.ibatis.logging.LogFactory - Logging initialized using 'class org.apache.ibatis.logging.slf4j.Slf4jImpl' adapter.
DEBUG main org.apache.ibatis.datasource.pooled.PooledDataSource - PooledDataSource forcefully closed/removed all connections.
DEBUG main org.apache.ibatis.datasource.pooled.PooledDataSource - PooledDataSource forcefully closed/removed all connections.
DEBUG main org.apache.ibatis.datasource.pooled.PooledDataSource - PooledDataSource forcefully closed/removed all connections.
DEBUG main org.apache.ibatis.datasource.pooled.PooledDataSource - PooledDataSource forcefully closed/removed all connections.
DEBUG main org.apache.ibatis.logging.LogFactory - Logging initialized using 'class org.apache.ibatis.logging.slf4j.Slf4jImpl' adapter.
DEBUG main org.apache.ibatis.datasource.pooled.PooledDataSource - PooledDataSource forcefully closed/removed all connections.
DEBUG main org.apache.ibatis.datasource.pooled.PooledDataSource - PooledDataSource forcefully closed/removed all connections.
DEBUG main org.apache.ibatis.datasource.pooled.PooledDataSource - PooledDataSource forcefully closed/removed all connections.
DEBUG main org.apache.ibatis.datasource.pooled.PooledDataSource - PooledDataSource forcefully closed/removed all connections.
DEBUG main org.apache.ibatis.logging.LogFactory - Logging initialized using 'class org.apache.ibatis.logging.slf4j.Slf4jImpl' adapter.
DEBUG main org.apache.ibatis.datasource.pooled.PooledDataSource - PooledDataSource forcefully closed/removed all connections.
DEBUG main org.apache.ibatis.datasource.pooled.PooledDataSource - PooledDataSource forcefully closed/removed all connections.
DEBUG main org.apache.ibatis.datasource.pooled.PooledDataSource - PooledDataSource forcefully closed/removed all connections.
DEBUG main org.apache.ibatis.datasource.pooled.PooledDataSource - PooledDataSource forcefully closed/removed all connections.
DEBUG main org.apache.ibatis.logging.LogFactory - Logging initialized using 'class org.apache.ibatis.logging.slf4j.Slf4jImpl' adapter.
DEBUG main org.apache.ibatis.datasource.pooled.PooledDataSource - PooledDataSource forcefully closed/removed all connections.
DEBUG main org.apache.ibatis.datasource.pooled.PooledDataSource - PooledDataSource forcefully closed/removed all connections.
DEBUG main org.apache.ibatis.datasource.pooled.PooledDataSource - PooledDataSource forcefully closed/removed all connections.
DEBUG main org.apache.ibatis.datasource.pooled.PooledDataSource - PooledDataSource forcefully closed/removed all connections.
DEBUG main org.apache.ibatis.logging.LogFactory - Logging initialized using 'class org.apache.ibatis.logging.slf4j.Slf4jImpl' adapter.
DEBUG main org.apache.ibatis.datasource.pooled.PooledDataSource - PooledDataSource forcefully closed/removed all connections.
DEBUG main org.apache.ibatis.datasource.pooled.PooledDataSource - PooledDataSource forcefully closed/removed all connections.
DEBUG main org.apache.ibatis.datasource.pooled.PooledDataSource - PooledDataSource forcefully closed/removed all connections.
DEBUG main org.apache.ibatis.datasource.pooled.PooledDataSource - PooledDataSource forcefully closed/removed all connections.
DEBUG main org.apache.ibatis.logging.LogFactory - Logging initialized using 'class org.apache.ibatis.logging.slf4j.Slf4jImpl' adapter.
DEBUG main org.apache.ibatis.datasource.pooled.PooledDataSource - PooledDataSource forcefully closed/removed all connections.
DEBUG main org.apache.ibatis.datasource.pooled.PooledDataSource - PooledDataSource forcefully closed/removed all connections.
DEBUG main org.apache.ibatis.datasource.pooled.PooledDataSource - PooledDataSource forcefully closed/removed all connections.
DEBUG main org.apache.ibatis.datasource.pooled.PooledDataSource - PooledDataSource forcefully closed/removed all connections.
DEBUG main org.apache.ibatis.logging.LogFactory - Logging initialized using 'class org.apache.ibatis.logging.slf4j.Slf4jImpl' adapter.
DEBUG main org.apache.ibatis.datasource.pooled.PooledDataSource - PooledDataSource forcefully closed/removed all connections.
DEBUG main org.apache.ibatis.datasource.pooled.PooledDataSource - PooledDataSource forcefully closed/removed all connections.
DEBUG main org.apache.ibatis.datasource.pooled.PooledDataSource - PooledDataSource forcefully closed/removed all connections.
DEBUG main org.apache.ibatis.datasource.pooled.PooledDataSource - PooledDataSource forcefully closed/removed all connections.
DEBUG main org.apache.ibatis.logging.LogFactory - Logging initialized using 'class org.apache.ibatis.logging.slf4j.Slf4jImpl' adapter.
DEBUG main org.apache.ibatis.datasource.pooled.PooledDataSource - PooledDataSource forcefully closed/removed all connections.
DEBUG main org.apache.ibatis.datasource.pooled.PooledDataSource - PooledDataSource forcefully closed/removed all connections.
DEBUG main org.apache.ibatis.datasource.pooled.PooledDataSource - PooledDataSource forcefully closed/removed all connections.
DEBUG main org.apache.ibatis.datasource.pooled.PooledDataSource - PooledDataSource forcefully closed/removed all connections.
